2019-07-23 18:25:18.764 - ---- System Start ----
2019-07-23 18:25:18.799 - Key Found
2019-07-23 18:25:18.808 - *** Building map panel ***
2019-07-23 18:25:18.842 - ---- Game Start ----
2019-07-23 18:25:18.926 - *** Building map panel ***
2019-07-23 18:25:18.960 - ComsClear
2019-07-23 18:25:18.977 - ComsChatter ==> Starbase 1 checking in!
2019-07-23 18:25:18.988 - Added starbase to loc 35
2019-07-23 18:25:18.997 - Enteprise is in sector 2,1
2019-07-23 18:25:19.007 - Execute SRS
2019-07-23 18:25:19.016 - Clear array
2019-07-23 18:25:19.037 - Place Enterprise
2019-07-23 18:25:19.048 - Placing at 5,5
2019-07-23 18:25:19.053 - Add asteroids
2019-07-23 18:25:19.067 - Placing at 3,2
2019-07-23 18:25:19.076 - Failed to place at 4,6
2019-07-23 18:25:19.083 - Placing at 3,7
2019-07-23 18:25:19.090 - Adding Starbase
2019-07-23 18:25:19.104 - Adding Klingons
2019-07-23 18:25:19.114 - Exiting SRS
2019-07-23 18:25:19.126 - SetCondition - starDate=3421  energy=100
2019-07-23 18:25:19.134 - Alert Level = 1
2019-07-23 18:25:19.140 - Set buttons
2019-07-23 18:25:19.146 - Docked
2019-07-23 18:25:19.158 - Starbases
2019-07-23 18:25:19.175 - In StarBase
2019-07-23 18:25:19.184 - ComsChatter ==> * * * Starbase 1 is under attack * * *
2019-07-23 18:25:19.193 - Exit Starbases
2019-07-23 18:25:19.202 - DC
2019-07-23 18:25:19.226 - LRS
2019-07-23 18:25:19.248 - SetLRS for 2,1
2019-07-23 18:25:19.259 - Exiting setcondition
2019-07-23 18:25:19.306 - Endgame check
2019-07-23 18:25:19.389 - Timer created
2019-07-23 18:25:19.396 - Debug = True
2019-07-23 18:25:19.414 - Updating Status
2019-07-23 18:25:19.434 - lblStarDate=3421.0 (27.0)
2019-07-23 18:25:19.490 - lblEnergy=100.0%
2019-07-23 18:25:19.570 - lblKlingons=62
2019-07-23 18:25:19.669 - Entering Timer - 1
2019-07-23 18:25:19.765 - Unknown timer step 0 in timer 1
2019-07-23 18:25:19.836 - Timer done 1 step=0
2019-07-23 18:25:26.122 - ComsChatter ==> Raising shields...
2019-07-23 18:25:26.148 - SetCondition - starDate=3421  energy=100
2019-07-23 18:25:26.161 - Alert Level = 2
2019-07-23 18:25:26.174 - Set buttons
2019-07-23 18:25:26.188 - Docked
2019-07-23 18:25:26.200 - Starbases
2019-07-23 18:25:26.214 - In StarBase
2019-07-23 18:25:26.228 - Exit Starbases
2019-07-23 18:25:26.249 - DC
2019-07-23 18:25:26.279 - LRS
2019-07-23 18:25:26.291 - SetLRS for 2,1
2019-07-23 18:25:26.307 - Exiting setcondition
2019-07-23 18:25:26.329 - Endgame check
2019-07-23 18:25:26.348 - Updating Status
2019-07-23 18:25:26.360 - lblStarDate=3421.0 (27.0)
2019-07-23 18:25:26.374 - lblEnergy=100.0%
2019-07-23 18:25:26.387 - lblKlingons=62
2019-07-23 18:25:29.228 - In Warp
2019-07-23 18:25:31.427 - Track length=48
2019-07-23 18:25:31.454 - Warp Track 1 - 4,3
2019-07-23 18:25:31.460 - ComsChatter ==> Now in sector 4,3
2019-07-23 18:25:31.478 - Execute SRS
2019-07-23 18:25:31.492 - Clear array
2019-07-23 18:25:31.500 - Place Enterprise
2019-07-23 18:25:31.525 - Placing at 4,5
2019-07-23 18:25:31.539 - Add asteroids
2019-07-23 18:25:31.547 - Placing at 7,1
2019-07-23 18:25:31.557 - Placing at 1,1
2019-07-23 18:25:31.565 - Placing at 7,7
2019-07-23 18:25:31.574 - Placing at 1,4
2019-07-23 18:25:31.581 - Adding Starbase
2019-07-23 18:25:31.589 - Failed to place at 2,5
2019-07-23 18:25:31.598 - Failed to place at 2,5
2019-07-23 18:25:31.605 - Failed to place at 3,6
2019-07-23 18:25:31.612 - Failed to place at 5,5
2019-07-23 18:25:31.620 - Failed to place at 1,3
2019-07-23 18:25:31.627 - Placing at 5,1
2019-07-23 18:25:31.638 - Adding Klingons
2019-07-23 18:25:31.645 - Placing at 4,3
2019-07-23 18:25:31.652 - Placing at 4,6
2019-07-23 18:25:31.659 - Exiting SRS
2019-07-23 18:25:31.667 - SetCondition - starDate=3421.2  energy=100
2019-07-23 18:25:31.681 - Alert Level = 3
2019-07-23 18:25:31.691 - Set buttons
2019-07-23 18:25:31.700 - Docked
2019-07-23 18:25:31.710 - Starbases
2019-07-23 18:25:31.721 - In StarBase
2019-07-23 18:25:31.730 - Exit Starbases
2019-07-23 18:25:31.738 - DC
2019-07-23 18:25:31.745 - LRS
2019-07-23 18:25:31.751 - SetLRS for 4,3
2019-07-23 18:25:31.760 - Exiting setcondition
2019-07-23 18:25:31.767 - Endgame check
2019-07-23 18:25:31.773 - Updating Status
2019-07-23 18:25:31.781 - lblStarDate=3421.2 (26.8)
2019-07-23 18:25:31.788 - lblEnergy=100.0%
2019-07-23 18:25:31.796 - lblKlingons=62
2019-07-23 18:25:31.925 - Entering Timer - 2
2019-07-23 18:25:31.934 - Enterprise Move - 2
2019-07-23 18:25:31.946 - Showing Object Movement
2019-07-23 18:25:31.977 - Timer done 2 step=2
2019-07-23 18:25:32.141 - Entering Timer - 3
2019-07-23 18:25:32.155 - Post Enterprise Move - Taking Fire3
2019-07-23 18:25:32.165 - ObjectMovement.add Type=-2 Action=F60 point hit from Klingon at (5,4) @ 4,3
2019-07-23 18:25:32.173 - ObjectMovement.add Type=-2 Action=F @ 4,3
2019-07-23 18:25:32.181 - ObjectMovement.add Type=-2 Action=F @ 4,3
2019-07-23 18:25:32.189 - ObjectMovement.add Type=2 Action=F @ 4,3
2019-07-23 18:25:32.197 - Enemy hit =60
2019-07-23 18:25:32.206 - Shield power =100
2019-07-23 18:25:32.213 -     Adjusted hit =1
2019-07-23 18:25:32.222 - ObjectMovement.add Type=0 Action=CDamage Control takes 1 damage. @ -1,-1
2019-07-23 18:25:32.230 - ObjectMovement.add Type=-2 Action=F80 point hit from Klingon at (5,7) @ 4,6
2019-07-23 18:25:32.237 - ObjectMovement.add Type=-2 Action=F @ 4,6
2019-07-23 18:25:32.243 - ObjectMovement.add Type=-2 Action=F @ 4,6
2019-07-23 18:25:32.250 - ObjectMovement.add Type=2 Action=F @ 4,6
2019-07-23 18:25:32.259 - Enemy hit =80
2019-07-23 18:25:32.266 - Shield power =99
2019-07-23 18:25:32.275 -     Adjusted hit =3
2019-07-23 18:25:32.283 - ObjectMovement.add Type=0 Action=CShields takes 5 damage. @ -1,-1
2019-07-23 18:25:32.291 - Timer done 3 step=3
2019-07-23 18:25:32.453 - Entering Timer - 4
2019-07-23 18:25:32.468 - Enemy Move 4
2019-07-23 18:25:32.488 - Showing Object Movement
2019-07-23 18:25:32.506 - ShowObjectMovement Action F60 point hit from Klingon at (5,4) with -2 @ (4,3)
2019-07-23 18:25:32.537 - ComsChatter ==> 60 point hit from Klingon at (5,4)
2019-07-23 18:25:32.574 - Timer done 4 step=3
2019-07-23 18:25:32.748 - Entering Timer - 5
2019-07-23 18:25:32.766 - Enemy Move 5
2019-07-23 18:25:32.786 - Showing Object Movement
2019-07-23 18:25:32.838 - ShowObjectMovement Action F with -2 @ (4,3)
2019-07-23 18:25:32.859 - Timer done 5 step=3
2019-07-23 18:25:33.031 - Entering Timer - 6
2019-07-23 18:25:33.087 - Enemy Move 6
2019-07-23 18:25:33.105 - Showing Object Movement
2019-07-23 18:25:33.130 - ShowObjectMovement Action F with -2 @ (4,3)
2019-07-23 18:25:33.149 - Timer done 6 step=3
2019-07-23 18:25:33.318 - Entering Timer - 7
2019-07-23 18:25:33.336 - Enemy Move 7
2019-07-23 18:25:33.353 - Showing Object Movement
2019-07-23 18:25:33.369 - ShowObjectMovement Action F with 2 @ (4,3)
2019-07-23 18:25:33.384 - Timer done 7 step=3
2019-07-23 18:25:33.558 - Entering Timer - 8
2019-07-23 18:25:33.577 - Enemy Move 8
2019-07-23 18:25:33.590 - Showing Object Movement
2019-07-23 18:25:33.609 - ShowObjectMovement Action CDamage Control takes 1 damage. with 0 @ (-1,-1)
2019-07-23 18:25:33.630 - ComsChatter ==> Damage Control takes 1 damage.
2019-07-23 18:25:33.669 - Timer done 8 step=3
2019-07-23 18:25:33.848 - Entering Timer - 9
2019-07-23 18:25:33.880 - Enemy Move 9
2019-07-23 18:25:33.897 - Showing Object Movement
2019-07-23 18:25:33.915 - ShowObjectMovement Action F80 point hit from Klingon at (5,7) with -2 @ (4,6)
2019-07-23 18:25:33.938 - ComsChatter ==> 80 point hit from Klingon at (5,7)
2019-07-23 18:25:33.963 - Timer done 9 step=3
2019-07-23 18:25:34.142 - Entering Timer - 10
2019-07-23 18:25:34.161 - Enemy Move 10
2019-07-23 18:25:34.178 - Showing Object Movement
2019-07-23 18:25:34.193 - ShowObjectMovement Action F with -2 @ (4,6)
2019-07-23 18:25:34.209 - Timer done 10 step=3
2019-07-23 18:25:34.387 - Entering Timer - 11
2019-07-23 18:25:34.402 - Enemy Move 11
2019-07-23 18:25:34.417 - Showing Object Movement
2019-07-23 18:25:34.432 - ShowObjectMovement Action F with -2 @ (4,6)
2019-07-23 18:25:34.446 - Timer done 11 step=3
2019-07-23 18:25:34.623 - Entering Timer - 12
2019-07-23 18:25:34.638 - Enemy Move 12
2019-07-23 18:25:34.653 - Showing Object Movement
2019-07-23 18:25:34.665 - ShowObjectMovement Action F with 2 @ (4,6)
2019-07-23 18:25:34.679 - Timer done 12 step=3
2019-07-23 18:25:34.873 - Entering Timer - 13
2019-07-23 18:25:34.889 - Enemy Move 13
2019-07-23 18:25:34.907 - Showing Object Movement
2019-07-23 18:25:34.922 - ShowObjectMovement Action CShields takes 5 damage. with 0 @ (-1,-1)
2019-07-23 18:25:34.948 - ComsChatter ==> Shields takes 5 damage.
2019-07-23 18:25:34.975 - Timer done 13 step=3
2019-07-23 18:25:35.155 - Entering Timer - 14
2019-07-23 18:25:35.185 - Enemy Move 14
2019-07-23 18:25:35.204 - Showing Object Movement
2019-07-23 18:25:35.224 - Timer done 14 step=4
2019-07-23 18:25:35.391 - Entering Timer - 15
2019-07-23 18:25:35.405 - SetCondition - starDate=3421.2  energy=100
2019-07-23 18:25:35.422 - Alert Level = 3
2019-07-23 18:25:35.436 - Set buttons
2019-07-23 18:25:35.527 - Docked
2019-07-23 18:25:35.650 - Starbases
2019-07-23 18:25:35.687 - In StarBase
2019-07-23 18:25:35.714 - Exit Starbases
2019-07-23 18:25:35.779 - DC
2019-07-23 18:25:35.861 - LRS
2019-07-23 18:25:35.883 - SetLRS for 4,3
2019-07-23 18:25:35.912 - Exiting setcondition
2019-07-23 18:25:35.936 - Endgame check
2019-07-23 18:25:35.948 - Timer done 15 step=5
2019-07-23 18:25:36.127 - In Torpedoes
2019-07-23 18:25:37.469 - ObjectMovement.add Type=2 Action=CChekov yells, 'Direct hit, Kiptan!' @ 4,6
2019-07-23 18:25:37.566 - ObjectMovement.add Type=2 Action=D @ 4,6
2019-07-23 18:25:37.621 - SetCondition - starDate=3421.3  energy=100
2019-07-23 18:25:37.650 - Alert Level = 3
2019-07-23 18:25:37.691 - Set buttons
2019-07-23 18:25:37.715 - Docked
2019-07-23 18:25:37.748 - Starbases
2019-07-23 18:25:37.775 - In StarBase
2019-07-23 18:25:37.798 - ComsChatter ==> * * * Starbase 1 is under attack! * * *
2019-07-23 18:25:37.827 - Exit Starbases
2019-07-23 18:25:37.853 - DC
2019-07-23 18:25:37.869 - LRS
2019-07-23 18:25:37.884 - SetLRS for 4,3
2019-07-23 18:25:37.900 - Exiting setcondition
2019-07-23 18:25:37.914 - Endgame check
2019-07-23 18:25:37.932 - Updating Status
2019-07-23 18:25:37.938 - lblStarDate=3421.3 (26.7)
2019-07-23 18:25:37.947 - lblEnergy=100.0%
2019-07-23 18:25:37.958 - lblKlingons=62
2019-07-23 18:25:38.082 - Entering Timer - 16
2019-07-23 18:25:38.090 - Enterprise Move - 16
2019-07-23 18:25:38.096 - Showing Object Movement
2019-07-23 18:25:38.105 - ShowObjectMovement Action CChekov yells, 'Direct hit, Kiptan!' with 2 @ (4,6)
2019-07-23 18:25:38.112 - ComsChatter ==> Chekov yells, 'Direct hit, Kiptan!'
2019-07-23 18:25:38.125 - Timer done 16 step=1
2019-07-23 18:25:38.294 - Entering Timer - 17
2019-07-23 18:25:38.303 - Enterprise Move - 17
2019-07-23 18:25:38.309 - Showing Object Movement
2019-07-23 18:25:38.316 - ShowObjectMovement Action D with 2 @ (4,6)
2019-07-23 18:25:38.324 - ComsChatter ==> Klingon destroyed!
2019-07-23 18:25:38.336 - gameObjects.removeStartObjectAt 4,6 type=2
2019-07-23 18:25:38.351 - Timer done 17 step=2
2019-07-23 18:25:38.517 - Entering Timer - 18
2019-07-23 18:25:38.531 - Post Enterprise Move - Taking Fire18
2019-07-23 18:25:38.548 - ObjectMovement.add Type=-2 Action=F60 point hit from Klingon at (5,4) @ 4,3
2019-07-23 18:25:38.569 - ObjectMovement.add Type=-2 Action=F @ 4,3
2019-07-23 18:25:38.631 - ObjectMovement.add Type=-2 Action=F @ 4,3
2019-07-23 18:25:38.650 - ObjectMovement.add Type=2 Action=F @ 4,3
2019-07-23 18:25:38.680 - Enemy hit =60
2019-07-23 18:25:38.699 - Shield power =96
2019-07-23 18:25:38.713 -     Adjusted hit =4
2019-07-23 18:25:38.729 - ObjectMovement.add Type=0 Action=CWarp takes 6 damage. @ -1,-1
2019-07-23 18:25:38.743 - Timer done 18 step=3
2019-07-23 18:25:38.910 - Entering Timer - 19
2019-07-23 18:25:38.933 - Enemy Move 19
2019-07-23 18:25:38.952 - Showing Object Movement
2019-07-23 18:25:38.966 - ShowObjectMovement Action F60 point hit from Klingon at (5,4) with -2 @ (4,3)
2019-07-23 18:25:38.986 - ComsChatter ==> 60 point hit from Klingon at (5,4)
2019-07-23 18:25:39.015 - Timer done 19 step=3
2019-07-23 18:25:39.224 - Entering Timer - 20
2019-07-23 18:25:39.260 - Enemy Move 20
2019-07-23 18:25:39.278 - Showing Object Movement
2019-07-23 18:25:39.307 - ShowObjectMovement Action F with -2 @ (4,3)
2019-07-23 18:25:39.331 - Timer done 20 step=3
2019-07-23 18:25:39.499 - Entering Timer - 21
2019-07-23 18:25:39.527 - Enemy Move 21
2019-07-23 18:25:39.550 - Showing Object Movement
2019-07-23 18:25:39.570 - ShowObjectMovement Action F with -2 @ (4,3)
2019-07-23 18:25:39.587 - Timer done 21 step=3
2019-07-23 18:25:39.762 - Entering Timer - 22
2019-07-23 18:25:39.778 - Enemy Move 22
2019-07-23 18:25:39.798 - Showing Object Movement
2019-07-23 18:25:39.817 - ShowObjectMovement Action F with 2 @ (4,3)
2019-07-23 18:25:39.833 - Timer done 22 step=3
2019-07-23 18:25:40.012 - Entering Timer - 23
2019-07-23 18:25:40.026 - Enemy Move 23
2019-07-23 18:25:40.041 - Showing Object Movement
2019-07-23 18:25:40.055 - ShowObjectMovement Action CWarp takes 6 damage. with 0 @ (-1,-1)
2019-07-23 18:25:40.071 - ComsChatter ==> Warp takes 6 damage.
2019-07-23 18:25:40.097 - Timer done 23 step=3
2019-07-23 18:25:40.316 - Entering Timer - 24
2019-07-23 18:25:40.338 - Enemy Move 24
2019-07-23 18:25:40.353 - Showing Object Movement
2019-07-23 18:25:40.367 - Timer done 24 step=4
2019-07-23 18:25:40.543 - Entering Timer - 25
2019-07-23 18:25:40.560 - SetCondition - starDate=3421.3  energy=100
2019-07-23 18:25:40.583 - Alert Level = 3
2019-07-23 18:25:40.600 - Set buttons
2019-07-23 18:25:40.628 - Docked
2019-07-23 18:25:40.719 - Starbases
2019-07-23 18:25:40.772 - In StarBase
2019-07-23 18:25:40.790 - Exit Starbases
2019-07-23 18:25:40.828 - DC
2019-07-23 18:25:40.860 - LRS
2019-07-23 18:25:41.183 - ----------> In TorpedoesSetLRS for 4,3
2019-07-23 18:25:41.453 - Exiting setcondition
2019-07-23 18:25:41.465 - Endgame check
2019-07-23 18:25:41.481 - Timer done 25 step=5
2019-07-23 18:25:42.684 - ObjectMovement.add Type=9 Action=A @ 4,4
2019-07-23 18:25:42.742 - ObjectMovement.add Type=9 Action=R @ 4,4
2019-07-23 18:25:42.757 - ObjectMovement.add Type=2 Action=CChekov yells, 'Direct hit, Kiptan!' @ 4,3
2019-07-23 18:25:42.777 - ObjectMovement.add Type=2 Action=D @ 4,3
2019-07-23 18:25:42.807 - SetCondition - starDate=3421.4  energy=100
2019-07-23 18:25:42.848 - Alert Level = 3
2019-07-23 18:25:42.870 - Set buttons
2019-07-23 18:25:42.892 - Docked
2019-07-23 18:25:42.906 - Starbases
2019-07-23 18:25:42.926 - In StarBase
2019-07-23 18:25:42.939 - Exit Starbases
2019-07-23 18:25:42.954 - DC
2019-07-23 18:25:42.967 - LRS
2019-07-23 18:25:42.982 - SetLRS for 4,3
2019-07-23 18:25:42.995 - Exiting setcondition
2019-07-23 18:25:43.015 - Endgame check
2019-07-23 18:25:43.040 - Updating Status
2019-07-23 18:25:43.063 - lblStarDate=3421.4 (26.6)
2019-07-23 18:25:43.080 - lblEnergy=100.0%
2019-07-23 18:25:43.095 - lblKlingons=61
2019-07-23 18:25:43.191 - Entering Timer - 26
2019-07-23 18:25:43.209 - Enterprise Move - 26
2019-07-23 18:25:43.225 - Showing Object Movement
2019-07-23 18:25:43.271 - ShowObjectMovement Action A with 9 @ (4,4)
2019-07-23 18:25:43.303 - Timer done 26 step=1
2019-07-23 18:25:43.490 - Entering Timer - 27
2019-07-23 18:25:43.513 - Enterprise Move - 27
2019-07-23 18:25:43.532 - Showing Object Movement
2019-07-23 18:25:43.572 - ShowObjectMovement Action A with 9 @ (4,4)
2019-07-23 18:25:43.591 - Timer done 27 step=1
2019-07-23 18:25:43.763 - Entering Timer - 28
2019-07-23 18:25:43.783 - Enterprise Move - 28
2019-07-23 18:25:43.800 - Showing Object Movement
2019-07-23 18:25:43.825 - ShowObjectMovement Action R with 9 @ (4,4)
2019-07-23 18:25:43.840 - Timer done 28 step=1
2019-07-23 18:25:44.015 - Entering Timer - 29
2019-07-23 18:25:44.032 - Enterprise Move - 29
2019-07-23 18:25:44.057 - Showing Object Movement
2019-07-23 18:25:44.080 - ShowObjectMovement Action CChekov yells, 'Direct hit, Kiptan!' with 2 @ (4,3)
2019-07-23 18:25:44.118 - ComsChatter ==> Chekov yells, 'Direct hit, Kiptan!'
2019-07-23 18:25:44.153 - Timer done 29 step=1
2019-07-23 18:25:44.341 - Entering Timer - 30
2019-07-23 18:25:44.383 - Enterprise Move - 30
2019-07-23 18:25:44.400 - Showing Object Movement
2019-07-23 18:25:44.416 - ShowObjectMovement Action D with 2 @ (4,3)
2019-07-23 18:25:44.432 - ComsChatter ==> Klingon destroyed!
2019-07-23 18:25:44.457 - gameObjects.removeStartObjectAt 4,3 type=2
2019-07-23 18:25:44.471 - Timer done 30 step=2
2019-07-23 18:25:44.644 - Entering Timer - 31
2019-07-23 18:25:44.657 - Post Enterprise Move - Taking Fire31
2019-07-23 18:25:44.672 - Timer done 31 step=3
2019-07-23 18:25:44.840 - Entering Timer - 32
2019-07-23 18:25:44.863 - Enemy Move 32
2019-07-23 18:25:44.881 - Showing Object Movement
2019-07-23 18:25:44.894 - Timer done 32 step=4
2019-07-23 18:25:45.067 - Entering Timer - 33
2019-07-23 18:25:45.083 - SetCondition - starDate=3421.4  energy=100
2019-07-23 18:25:45.099 - Alert Level = 2
2019-07-23 18:25:45.111 - Set buttons
2019-07-23 18:25:45.138 - Docked
2019-07-23 18:25:45.216 - Starbases
2019-07-23 18:25:45.247 - In StarBase
2019-07-23 18:25:45.275 - Exit Starbases
2019-07-23 18:25:45.332 - DC
2019-07-23 18:25:45.398 - LRS
2019-07-23 18:25:45.430 - SetLRS for 4,3
2019-07-23 18:25:45.520 - Exiting setcondition
2019-07-23 18:25:45.557 - Endgame check
2019-07-23 18:25:45.587 - Timer done 33 step=5
2019-07-23 18:25:47.302 - In Warp
2019-07-23 18:25:50.868 - Track length=48
2019-07-23 18:25:50.933 - Warp Track 0 - 3,3
2019-07-23 18:25:50.951 - ComsChatter ==> Now in sector 3,3
2019-07-23 18:25:50.988 - Execute SRS
2019-07-23 18:25:51.021 - Clear array
2019-07-23 18:25:51.064 - Place Enterprise
2019-07-23 18:25:51.110 - Placing at 6,2
2019-07-23 18:25:51.124 - Add asteroids
2019-07-23 18:25:51.143 - Placing at 2,1
2019-07-23 18:25:51.162 - Placing at 4,4
2019-07-23 18:25:51.177 - Adding Starbase
2019-07-23 18:25:51.190 - Adding Klingons
2019-07-23 18:25:51.210 - Placing at 6,7
2019-07-23 18:25:51.236 - Exiting SRS
2019-07-23 18:25:51.251 - SetCondition - starDate=3421.5  energy=100
2019-07-23 18:25:51.270 - Alert Level = 3
2019-07-23 18:25:51.290 - Set buttons
2019-07-23 18:25:51.307 - Docked
2019-07-23 18:25:51.331 - Starbases
2019-07-23 18:25:51.353 - In StarBase
2019-07-23 18:25:51.368 - Exit Starbases
2019-07-23 18:25:51.383 - DC
2019-07-23 18:25:51.400 - LRS
2019-07-23 18:25:51.420 - SetLRS for 3,3
2019-07-23 18:25:51.434 - Exiting setcondition
2019-07-23 18:25:51.456 - Endgame check
2019-07-23 18:25:51.475 - Updating Status
2019-07-23 18:25:51.490 - lblStarDate=3421.5 (26.5)
2019-07-23 18:25:51.501 - lblEnergy=100.0%
2019-07-23 18:25:51.514 - lblKlingons=60
2019-07-23 18:25:51.623 - Entering Timer - 34
2019-07-23 18:25:51.656 - Enterprise Move - 34
2019-07-23 18:25:51.678 - Showing Object Movement
2019-07-23 18:25:51.696 - Timer done 34 step=2
2019-07-23 18:25:51.873 - Entering Timer - 35
2019-07-23 18:25:51.894 - Post Enterprise Move - Taking Fire35
2019-07-23 18:25:51.907 - ObjectMovement.add Type=-2 Action=F42 point hit from Klingon at (7,8) @ 6,7
2019-07-23 18:25:51.920 - ObjectMovement.add Type=-2 Action=F @ 6,7
2019-07-23 18:25:51.934 - ObjectMovement.add Type=-2 Action=F @ 6,7
2019-07-23 18:25:51.949 - ObjectMovement.add Type=2 Action=F @ 6,7
2019-07-23 18:25:51.965 - Enemy hit =42
2019-07-23 18:25:51.979 - Shield power =92
2019-07-23 18:25:51.992 -     Adjusted hit =4
2019-07-23 18:25:52.020 - ObjectMovement.add Type=0 Action=CLong Range Sensors takes 6 damage. @ -1,-1
2019-07-23 18:25:52.037 - Timer done 35 step=3
2019-07-23 18:25:52.218 - Entering Timer - 36
2019-07-23 18:25:52.234 - Enemy Move 36
2019-07-23 18:25:52.258 - Showing Object Movement
2019-07-23 18:25:52.279 - ShowObjectMovement Action F42 point hit from Klingon at (7,8) with -2 @ (6,7)
2019-07-23 18:25:52.302 - ComsChatter ==> 42 point hit from Klingon at (7,8)
2019-07-23 18:25:52.332 - Timer done 36 step=3
2019-07-23 18:25:52.503 - Entering Timer - 37
2019-07-23 18:25:52.585 - Enemy Move 37
2019-07-23 18:25:52.606 - Showing Object Movement
2019-07-23 18:25:52.626 - ShowObjectMovement Action F with -2 @ (6,7)
2019-07-23 18:25:52.641 - Timer done 37 step=3
2019-07-23 18:25:52.810 - Entering Timer - 38
2019-07-23 18:25:52.827 - Enemy Move 38
2019-07-23 18:25:52.844 - Showing Object Movement
2019-07-23 18:25:52.858 - ShowObjectMovement Action F with -2 @ (6,7)
2019-07-23 18:25:52.877 - Timer done 38 step=3
2019-07-23 18:25:53.061 - Entering Timer - 39
2019-07-23 18:25:53.077 - Enemy Move 39
2019-07-23 18:25:53.088 - Showing Object Movement
2019-07-23 18:25:53.107 - ShowObjectMovement Action F with 2 @ (6,7)
2019-07-23 18:25:53.132 - Timer done 39 step=3
2019-07-23 18:25:53.310 - Entering Timer - 40
2019-07-23 18:25:53.327 - Enemy Move 40
2019-07-23 18:25:53.346 - Showing Object Movement
2019-07-23 18:25:53.366 - ShowObjectMovement Action CLong Range Sensors takes 6 damage. with 0 @ (-1,-1)
2019-07-23 18:25:53.383 - ComsChatter ==> Long Range Sensors takes 6 damage.
2019-07-23 18:25:53.405 - Timer done 40 step=3
2019-07-23 18:25:53.574 - Entering Timer - 41
2019-07-23 18:25:53.604 - Enemy Move 41
2019-07-23 18:25:53.622 - Showing Object Movement
2019-07-23 18:25:53.637 - Timer done 41 step=4
2019-07-23 18:25:53.808 - Entering Timer - 42
2019-07-23 18:25:53.828 - SetCondition - starDate=3421.5  energy=100
2019-07-23 18:25:53.845 - Alert Level = 3
2019-07-23 18:25:53.859 - Set buttons
2019-07-23 18:25:53.884 - Docked
2019-07-23 18:25:53.935 - Starbases
2019-07-23 18:25:54.085 - In StarBase
2019-07-23 18:25:54.130 - Exit Starbases
2019-07-23 18:25:54.142 - DC
2019-07-23 18:25:54.171 - LRS
2019-07-23 18:25:54.206 - SetLRS for 3,3
2019-07-23 18:25:54.249 - Exiting setcondition
2019-07-23 18:25:54.271 - Endgame check
2019-07-23 18:25:54.288 - Timer done 42 step=5
2019-07-23 18:25:54.757 - In Torpedoes
2019-07-23 18:25:56.028 - ObjectMovement.add Type=9 Action=A @ 6,3
2019-07-23 18:25:56.101 - ObjectMovement.add Type=9 Action=R @ 6,3
2019-07-23 18:25:56.138 - ObjectMovement.add Type=9 Action=A @ 6,4
2019-07-23 18:25:56.169 - ObjectMovement.add Type=9 Action=R @ 6,4
2019-07-23 18:25:56.190 - ObjectMovement.add Type=9 Action=A @ 6,5
2019-07-23 18:25:56.210 - ObjectMovement.add Type=9 Action=R @ 6,5
2019-07-23 18:25:56.227 - ObjectMovement.add Type=9 Action=A @ 6,6
2019-07-23 18:25:56.245 - ObjectMovement.add Type=9 Action=R @ 6,6
2019-07-23 18:25:56.259 - ObjectMovement.add Type=2 Action=CChekov yells, 'Direct hit, Kiptan!' @ 6,7
2019-07-23 18:25:56.274 - ObjectMovement.add Type=2 Action=D @ 6,7
2019-07-23 18:25:56.289 - SetCondition - starDate=3421.6  energy=100
2019-07-23 18:25:56.303 - Alert Level = 3
2019-07-23 18:25:56.324 - Set buttons
2019-07-23 18:25:56.341 - Docked
2019-07-23 18:25:56.374 - Starbases
2019-07-23 18:25:56.388 - In StarBase
2019-07-23 18:25:56.405 - Exit Starbases
2019-07-23 18:25:56.423 - DC
2019-07-23 18:25:56.437 - LRS
2019-07-23 18:25:56.450 - SetLRS for 3,3
2019-07-23 18:25:56.462 - Exiting setcondition
2019-07-23 18:25:56.475 - Endgame check
2019-07-23 18:25:56.487 - Updating Status
2019-07-23 18:25:56.500 - lblStarDate=3421.6 (26.4)
2019-07-23 18:25:56.513 - lblEnergy=100.0%
2019-07-23 18:25:56.527 - lblKlingons=60
2019-07-23 18:25:56.637 - Entering Timer - 43
2019-07-23 18:25:56.666 - Enterprise Move - 43
2019-07-23 18:25:56.684 - Showing Object Movement
2019-07-23 18:25:56.709 - ShowObjectMovement Action A with 9 @ (6,3)
2019-07-23 18:25:56.738 - Timer done 43 step=1
2019-07-23 18:25:56.919 - Entering Timer - 44
2019-07-23 18:25:56.936 - Enterprise Move - 44
2019-07-23 18:25:56.950 - Showing Object Movement
2019-07-23 18:25:56.962 - ShowObjectMovement Action A with 9 @ (6,3)
2019-07-23 18:25:56.982 - Timer done 44 step=1
2019-07-23 18:25:57.153 - Entering Timer - 45
2019-07-23 18:25:57.175 - Enterprise Move - 45
2019-07-23 18:25:57.190 - Showing Object Movement
2019-07-23 18:25:57.208 - ShowObjectMovement Action R with 9 @ (6,3)
2019-07-23 18:25:57.219 - Timer done 45 step=1
2019-07-23 18:25:57.435 - Entering Timer - 46
2019-07-23 18:25:57.453 - Enterprise Move - 46
2019-07-23 18:25:57.505 - Showing Object Movement
2019-07-23 18:25:57.518 - ShowObjectMovement Action A with 9 @ (6,4)
2019-07-23 18:25:57.532 - Timer done 46 step=1
2019-07-23 18:25:57.702 - Entering Timer - 47
2019-07-23 18:25:57.718 - Enterprise Move - 47
2019-07-23 18:25:57.735 - Showing Object Movement
2019-07-23 18:25:57.750 - ShowObjectMovement Action A with 9 @ (6,4)
2019-07-23 18:25:57.763 - Timer done 47 step=1
2019-07-23 18:25:57.934 - Entering Timer - 48
2019-07-23 18:25:57.952 - Enterprise Move - 48
2019-07-23 18:25:57.969 - Showing Object Movement
2019-07-23 18:25:57.982 - ShowObjectMovement Action R with 9 @ (6,4)
2019-07-23 18:25:57.999 - Timer done 48 step=1
2019-07-23 18:25:58.170 - Entering Timer - 49
2019-07-23 18:25:58.188 - Enterprise Move - 49
2019-07-23 18:25:58.217 - Showing Object Movement
2019-07-23 18:25:58.233 - ShowObjectMovement Action A with 9 @ (6,5)
2019-07-23 18:25:58.257 - Timer done 49 step=1
2019-07-23 18:25:58.451 - Entering Timer - 50
2019-07-23 18:25:58.476 - Enterprise Move - 50
2019-07-23 18:25:58.518 - Showing Object Movement
2019-07-23 18:25:58.534 - ShowObjectMovement Action A with 9 @ (6,5)
2019-07-23 18:25:58.551 - Timer done 50 step=1
2019-07-23 18:25:58.718 - Entering Timer - 51
2019-07-23 18:25:58.750 - Enterprise Move - 51
2019-07-23 18:25:58.780 - Showing Object Movement
2019-07-23 18:25:58.794 - ShowObjectMovement Action R with 9 @ (6,5)
2019-07-23 18:25:58.815 - Timer done 51 step=1
2019-07-23 18:25:58.986 - Entering Timer - 52
2019-07-23 18:25:59.002 - Enterprise Move - 52
2019-07-23 18:25:59.017 - Showing Object Movement
2019-07-23 18:25:59.034 - ShowObjectMovement Action A with 9 @ (6,6)
2019-07-23 18:25:59.050 - Timer done 52 step=1
2019-07-23 18:25:59.232 - Entering Timer - 53
2019-07-23 18:25:59.266 - Enterprise Move - 53
2019-07-23 18:25:59.284 - Showing Object Movement
2019-07-23 18:25:59.304 - ShowObjectMovement Action A with 9 @ (6,6)
2019-07-23 18:25:59.327 - Timer done 53 step=1
2019-07-23 18:25:59.528 - Entering Timer - 54
2019-07-23 18:25:59.541 - Enterprise Move - 54
2019-07-23 18:25:59.562 - Showing Object Movement
2019-07-23 18:25:59.580 - ShowObjectMovement Action R with 9 @ (6,6)
2019-07-23 18:25:59.593 - Timer done 54 step=1
2019-07-23 18:25:59.763 - Entering Timer - 55
2019-07-23 18:25:59.782 - Enterprise Move - 55
2019-07-23 18:25:59.797 - Showing Object Movement
2019-07-23 18:25:59.809 - ShowObjectMovement Action CChekov yells, 'Direct hit, Kiptan!' with 2 @ (6,7)
2019-07-23 18:25:59.824 - ComsChatter ==> Chekov yells, 'Direct hit, Kiptan!'
2019-07-23 18:25:59.847 - Timer done 55 step=1
2019-07-23 18:26:00.019 - Entering Timer - 56
2019-07-23 18:26:00.038 - Enterprise Move - 56
2019-07-23 18:26:00.057 - Showing Object Movement
2019-07-23 18:26:00.074 - ShowObjectMovement Action D with 2 @ (6,7)
2019-07-23 18:26:00.092 - ComsChatter ==> Klingon destroyed!
2019-07-23 18:26:00.118 - gameObjects.removeStartObjectAt 6,7 type=2
2019-07-23 18:26:00.147 - Timer done 56 step=2
2019-07-23 18:26:00.346 - Entering Timer - 57
2019-07-23 18:26:00.364 - Post Enterprise Move - Taking Fire57
2019-07-23 18:26:00.384 - Timer done 57 step=3
2019-07-23 18:26:00.582 - Entering Timer - 58
2019-07-23 18:26:00.619 - Enemy Move 58
2019-07-23 18:26:00.632 - Showing Object Movement
2019-07-23 18:26:00.647 - Timer done 58 step=4
2019-07-23 18:26:00.830 - Entering Timer - 59
2019-07-23 18:26:00.844 - SetCondition - starDate=3421.6  energy=100
2019-07-23 18:26:00.864 - Alert Level = 2
2019-07-23 18:26:00.902 - Set buttons
2019-07-23 18:26:00.956 - Docked
2019-07-23 18:26:01.008 - Starbases
2019-07-23 18:26:01.045 - In StarBase
2019-07-23 18:26:01.089 - Exit Starbases
2019-07-23 18:26:01.124 - DC
2019-07-23 18:26:01.172 - LRS
2019-07-23 18:26:01.189 - SetLRS for 3,3
2019-07-23 18:26:01.211 - Exiting setcondition
2019-07-23 18:26:01.226 - Endgame check
2019-07-23 18:26:01.245 - Timer done 59 step=5
2019-07-23 18:26:05.798 - In Warp
2019-07-23 18:26:07.941 - Track length=48
2019-07-23 18:26:07.988 - Warp Track 0 - 2,3
2019-07-23 18:26:08.011 - ComsChatter ==> Now in sector 2,3
2019-07-23 18:26:08.044 - Execute SRS
2019-07-23 18:26:08.062 - Clear array
2019-07-23 18:26:08.084 - Place Enterprise
2019-07-23 18:26:08.125 - Placing at 4,6
2019-07-23 18:26:08.148 - Add asteroids
2019-07-23 18:26:08.167 - Adding Starbase
2019-07-23 18:26:08.185 - Adding Klingons
2019-07-23 18:26:08.202 - Placing at 1,3
2019-07-23 18:26:08.215 - Exiting SRS
2019-07-23 18:26:08.231 - SetCondition - starDate=3421.7  energy=100
2019-07-23 18:26:08.245 - Alert Level = 3
2019-07-23 18:26:08.259 - Set buttons
2019-07-23 18:26:08.272 - Docked
2019-07-23 18:26:08.290 - Starbases
2019-07-23 18:26:08.315 - In StarBase
2019-07-23 18:26:08.350 - Exit Starbases
2019-07-23 18:26:08.364 - DC
2019-07-23 18:26:08.383 - LRS
2019-07-23 18:26:08.398 - SetLRS for 2,3
2019-07-23 18:26:08.412 - Exiting setcondition
2019-07-23 18:26:08.425 - Endgame check
2019-07-23 18:26:08.437 - Updating Status
2019-07-23 18:26:08.447 - lblStarDate=3421.7 (26.3)
2019-07-23 18:26:08.459 - lblEnergy=100.0%
2019-07-23 18:26:08.468 - lblKlingons=59
2019-07-23 18:26:08.598 - Entering Timer - 60
2019-07-23 18:26:08.622 - Enterprise Move - 60
2019-07-23 18:26:08.637 - Showing Object Movement
2019-07-23 18:26:08.651 - Timer done 60 step=2
2019-07-23 18:26:08.826 - Entering Timer - 61
2019-07-23 18:26:08.838 - Post Enterprise Move - Taking Fire61
2019-07-23 18:26:08.853 - ObjectMovement.add Type=-2 Action=F44 point hit from Klingon at (2,4) @ 1,3
2019-07-23 18:26:08.864 - ObjectMovement.add Type=-2 Action=F @ 1,3
2019-07-23 18:26:08.875 - ObjectMovement.add Type=-2 Action=F @ 1,3
2019-07-23 18:26:08.887 - ObjectMovement.add Type=2 Action=F @ 1,3
2019-07-23 18:26:08.898 - Enemy hit =44
2019-07-23 18:26:08.908 - Shield power =88
2019-07-23 18:26:08.919 -     Adjusted hit =6
2019-07-23 18:26:08.930 - ObjectMovement.add Type=0 Action=CTorpedoes takes 6 damage. @ -1,-1
2019-07-23 18:26:08.945 - Timer done 61 step=3
2019-07-23 18:26:09.109 - Entering Timer - 62
2019-07-23 18:26:09.130 - Enemy Move 62
2019-07-23 18:26:09.151 - Showing Object Movement
2019-07-23 18:26:09.174 - ShowObjectMovement Action F44 point hit from Klingon at (2,4) with -2 @ (1,3)
2019-07-23 18:26:09.200 - ComsChatter ==> 44 point hit from Klingon at (2,4)
2019-07-23 18:26:09.241 - Timer done 62 step=3
2019-07-23 18:26:09.423 - Entering Timer - 63
2019-07-23 18:26:09.437 - Enemy Move 63
2019-07-23 18:26:09.446 - Showing Object Movement
2019-07-23 18:26:09.457 - ShowObjectMovement Action F with -2 @ (1,3)
2019-07-23 18:26:09.467 - Timer done 63 step=3
2019-07-23 18:26:09.643 - Entering Timer - 64
2019-07-23 18:26:09.654 - Enemy Move 64
2019-07-23 18:26:09.662 - Showing Object Movement
2019-07-23 18:26:09.672 - ShowObjectMovement Action F with -2 @ (1,3)
2019-07-23 18:26:09.678 - Timer done 64 step=3
2019-07-23 18:26:09.847 - Entering Timer - 65
2019-07-23 18:26:09.854 - Enemy Move 65
2019-07-23 18:26:09.868 - Showing Object Movement
2019-07-23 18:26:09.878 - ShowObjectMovement Action F with 2 @ (1,3)
2019-07-23 18:26:09.889 - Timer done 65 step=3
2019-07-23 18:26:10.060 - Entering Timer - 66
2019-07-23 18:26:10.113 - Enemy Move 66
2019-07-23 18:26:10.137 - Showing Object Movement
2019-07-23 18:26:10.157 - ShowObjectMovement Action CTorpedoes takes 6 damage. with 0 @ (-1,-1)
2019-07-23 18:26:10.173 - ComsChatter ==> Torpedoes takes 6 damage.
2019-07-23 18:26:10.200 - Timer done 66 step=3
2019-07-23 18:26:10.374 - Entering Timer - 67
2019-07-23 18:26:10.391 - Enemy Move 67
2019-07-23 18:26:10.411 - Showing Object Movement
2019-07-23 18:26:10.424 - Timer done 67 step=4
2019-07-23 18:26:10.591 - Entering Timer - 68
2019-07-23 18:26:10.612 - SetCondition - starDate=3421.7  energy=100
2019-07-23 18:26:10.626 - Alert Level = 3
2019-07-23 18:26:10.643 - Set buttons
2019-07-23 18:26:10.672 - Docked
2019-07-23 18:26:10.748 - Starbases
2019-07-23 18:26:10.807 - In StarBase
2019-07-23 18:26:10.864 - Exit Starbases
2019-07-23 18:26:10.926 - DC
2019-07-23 18:26:10.971 - LRS
2019-07-23 18:26:10.995 - SetLRS for 2,3
2019-07-23 18:26:11.018 - Exiting setcondition
2019-07-23 18:26:11.035 - Endgame check
2019-07-23 18:26:11.055 - Timer done 68 step=5
2019-07-23 18:26:11.397 - In Torpedoes
2019-07-23 18:26:12.733 - ObjectMovement.add Type=9 Action=A @ 3,5
2019-07-23 18:26:12.825 - ObjectMovement.add Type=9 Action=R @ 3,5
2019-07-23 18:26:12.863 - ObjectMovement.add Type=9 Action=A @ 2,4
2019-07-23 18:26:12.919 - ObjectMovement.add Type=9 Action=R @ 2,4
2019-07-23 18:26:12.935 - ObjectMovement.add Type=2 Action=CChekov yells, 'Direct hit, Kiptan!' @ 1,3
2019-07-23 18:26:12.957 - ObjectMovement.add Type=2 Action=D @ 1,3
2019-07-23 18:26:12.985 - SetCondition - starDate=3421.8  energy=100
2019-07-23 18:26:13.008 - Alert Level = 3
2019-07-23 18:26:13.024 - Set buttons
2019-07-23 18:26:13.040 - Docked
2019-07-23 18:26:13.054 - Starbases
2019-07-23 18:26:13.066 - In StarBase
2019-07-23 18:26:13.082 - Exit Starbases
2019-07-23 18:26:13.095 - DC
2019-07-23 18:26:13.109 - LRS
2019-07-23 18:26:13.122 - SetLRS for 2,3
2019-07-23 18:26:13.135 - Exiting setcondition
2019-07-23 18:26:13.149 - Endgame check
2019-07-23 18:26:13.161 - Updating Status
2019-07-23 18:26:13.179 - lblStarDate=3421.8 (26.2)
2019-07-23 18:26:13.200 - lblEnergy=100.0%
2019-07-23 18:26:13.219 - lblKlingons=59
2019-07-23 18:26:13.312 - Entering Timer - 69
2019-07-23 18:26:13.336 - Enterprise Move - 69
2019-07-23 18:26:13.353 - Showing Object Movement
2019-07-23 18:26:13.368 - ShowObjectMovement Action A with 9 @ (3,5)
2019-07-23 18:26:13.384 - Timer done 69 step=1
2019-07-23 18:26:13.559 - Entering Timer - 70
2019-07-23 18:26:13.573 - Enterprise Move - 70
2019-07-23 18:26:13.586 - Showing Object Movement
2019-07-23 18:26:13.599 - ShowObjectMovement Action A with 9 @ (3,5)
2019-07-23 18:26:13.611 - Timer done 70 step=1
2019-07-23 18:26:13.781 - Entering Timer - 71
2019-07-23 18:26:13.796 - Enterprise Move - 71
2019-07-23 18:26:13.808 - Showing Object Movement
2019-07-23 18:26:13.820 - ShowObjectMovement Action R with 9 @ (3,5)
2019-07-23 18:26:13.835 - Timer done 71 step=1
2019-07-23 18:26:14.005 - Entering Timer - 72
2019-07-23 18:26:14.022 - Enterprise Move - 72
2019-07-23 18:26:14.037 - Showing Object Movement
2019-07-23 18:26:14.049 - ShowObjectMovement Action A with 9 @ (2,4)
2019-07-23 18:26:14.067 - Timer done 72 step=1
2019-07-23 18:26:14.248 - Entering Timer - 73
2019-07-23 18:26:14.264 - Enterprise Move - 73
2019-07-23 18:26:14.281 - Showing Object Movement
2019-07-23 18:26:14.301 - ShowObjectMovement Action A with 9 @ (2,4)
2019-07-23 18:26:14.323 - Timer done 73 step=1
2019-07-23 18:26:14.489 - Entering Timer - 74
2019-07-23 18:26:14.504 - Enterprise Move - 74
2019-07-23 18:26:14.525 - Showing Object Movement
2019-07-23 18:26:14.562 - ShowObjectMovement Action R with 9 @ (2,4)
2019-07-23 18:26:14.580 - Timer done 74 step=1
2019-07-23 18:26:14.763 - Entering Timer - 75
2019-07-23 18:26:14.785 - Enterprise Move - 75
2019-07-23 18:26:14.799 - Showing Object Movement
2019-07-23 18:26:14.818 - ShowObjectMovement Action CChekov yells, 'Direct hit, Kiptan!' with 2 @ (1,3)
2019-07-23 18:26:14.833 - ComsChatter ==> Chekov yells, 'Direct hit, Kiptan!'
2019-07-23 18:26:14.860 - Timer done 75 step=1
2019-07-23 18:26:15.036 - Entering Timer - 76
2019-07-23 18:26:15.052 - Enterprise Move - 76
2019-07-23 18:26:15.068 - Showing Object Movement
2019-07-23 18:26:15.087 - ShowObjectMovement Action D with 2 @ (1,3)
2019-07-23 18:26:15.105 - ComsChatter ==> Klingon destroyed!
2019-07-23 18:26:15.133 - gameObjects.removeStartObjectAt 1,3 type=2
2019-07-23 18:26:15.159 - Timer done 76 step=2
2019-07-23 18:26:15.359 - Entering Timer - 77
2019-07-23 18:26:15.375 - Post Enterprise Move - Taking Fire77
2019-07-23 18:26:15.424 - Timer done 77 step=3
2019-07-23 18:26:15.596 - Entering Timer - 78
2019-07-23 18:26:15.643 - Enemy Move 78
2019-07-23 18:26:15.715 - Showing Object Movement
2019-07-23 18:26:15.743 - Timer done 78 step=4
2019-07-23 18:26:15.957 - Entering Timer - 79
2019-07-23 18:26:15.998 - SetCondition - starDate=3421.8  energy=100
2019-07-23 18:26:16.013 - Alert Level = 2
2019-07-23 18:26:16.030 - Set buttons
2019-07-23 18:26:16.058 - Docked
2019-07-23 18:26:16.122 - Starbases
2019-07-23 18:26:16.168 - In StarBase
2019-07-23 18:26:16.182 - Exit Starbases
2019-07-23 18:26:16.301 - DC
2019-07-23 18:26:16.312 - LRS
2019-07-23 18:26:16.331 - SetLRS for 2,3
2019-07-23 18:26:16.352 - Exiting setcondition
2019-07-23 18:26:16.362 - Endgame check
2019-07-23 18:26:16.386 - Timer done 79 step=5
2019-07-23 18:26:16.790 - In Warp
2019-07-23 18:26:20.598 - Track length=48
2019-07-23 18:26:20.658 - Warp Track 0 - 1,4
2019-07-23 18:26:20.697 - ComsChatter ==> Now in sector 1,4
2019-07-23 18:26:20.748 - Execute SRS
2019-07-23 18:26:20.771 - Clear array
2019-07-23 18:26:20.788 - Place Enterprise
2019-07-23 18:26:20.804 - Placing at 5,1
2019-07-23 18:26:20.822 - Add asteroids
2019-07-23 18:26:20.837 - Placing at 3,3
2019-07-23 18:26:20.855 - Placing at 1,5
2019-07-23 18:26:20.869 - Placing at 5,4
2019-07-23 18:26:20.889 - Placing at 7,7
2019-07-23 18:26:20.931 - Placing at 1,1
2019-07-23 18:26:20.949 - Adding Starbase
2019-07-23 18:26:20.970 - Adding Klingons
2019-07-23 18:26:20.986 - Placing at 5,3
2019-07-23 18:26:21.000 - Placing at 7,2
2019-07-23 18:26:21.017 - Placing at 5,5
2019-07-23 18:26:21.032 - Exiting SRS
2019-07-23 18:26:21.050 - SetCondition - starDate=3421.9  energy=100
2019-07-23 18:26:21.064 - Alert Level = 3
2019-07-23 18:26:21.080 - Set buttons
2019-07-23 18:26:21.094 - Docked
2019-07-23 18:26:21.116 - Starbases
2019-07-23 18:26:21.133 - In StarBase
2019-07-23 18:26:21.168 - Exit Starbases
2019-07-23 18:26:21.185 - DC
2019-07-23 18:26:21.199 - LRS
2019-07-23 18:26:21.234 - SetLRS for 1,4
2019-07-23 18:26:21.251 - Exiting setcondition
2019-07-23 18:26:21.269 - Endgame check
2019-07-23 18:26:21.285 - Updating Status
2019-07-23 18:26:21.303 - lblStarDate=3421.9 (26.1)
2019-07-23 18:26:21.318 - lblEnergy=100.0%
2019-07-23 18:26:21.340 - lblKlingons=58
2019-07-23 18:26:21.436 - Entering Timer - 80
2019-07-23 18:26:21.450 - Enterprise Move - 80
2019-07-23 18:26:21.484 - Showing Object Movement
2019-07-23 18:26:21.512 - Timer done 80 step=2
2019-07-23 18:26:21.683 - Entering Timer - 81
2019-07-23 18:26:21.696 - Post Enterprise Move - Taking Fire81
2019-07-23 18:26:21.708 - ObjectMovement.add Type=-2 Action=F60 point hit from Klingon at (6,4) @ 5,3
2019-07-23 18:26:21.728 - ObjectMovement.add Type=-2 Action=F @ 5,3
2019-07-23 18:26:21.739 - ObjectMovement.add Type=-2 Action=F @ 5,3
2019-07-23 18:26:21.758 - ObjectMovement.add Type=2 Action=F @ 5,3
2019-07-23 18:26:21.775 - Enemy hit =60
2019-07-23 18:26:21.794 - Shield power =82
2019-07-23 18:26:21.818 -     Adjusted hit =12
2019-07-23 18:26:21.841 - ObjectMovement.add Type=0 Action=CWarp takes 12 damage. @ -1,-1
2019-07-23 18:26:21.856 - ObjectMovement.add Type=-2 Action=F57 point hit from Klingon at (8,3) @ 7,2
2019-07-23 18:26:21.873 - ObjectMovement.add Type=-2 Action=F @ 7,2
2019-07-23 18:26:21.893 - ObjectMovement.add Type=-2 Action=F @ 7,2
2019-07-23 18:26:21.905 - ObjectMovement.add Type=2 Action=F @ 7,2
2019-07-23 18:26:21.916 - Enemy hit =57
2019-07-23 18:26:21.929 - Shield power =70
2019-07-23 18:26:21.942 -     Adjusted hit =18
2019-07-23 18:26:21.953 - ObjectMovement.add Type=0 Action=CLong Range Sensors takes 18 damage. @ -1,-1
2019-07-23 18:26:21.964 - ObjectMovement.add Type=-2 Action=F45 point hit from Klingon at (6,6) @ 5,5
2019-07-23 18:26:21.980 - ObjectMovement.add Type=-2 Action=F @ 5,5
2019-07-23 18:26:22.006 - ObjectMovement.add Type=-2 Action=F @ 5,5
2019-07-23 18:26:22.019 - ObjectMovement.add Type=2 Action=F @ 5,5
2019-07-23 18:26:22.042 - Enemy hit =45
2019-07-23 18:26:22.059 - Shield power =52
2019-07-23 18:26:22.071 -     Adjusted hit =22
2019-07-23 18:26:22.083 - ObjectMovement.add Type=0 Action=CTorpedoes takes 22 damage. @ -1,-1
2019-07-23 18:26:22.093 - Timer done 81 step=3
2019-07-23 18:26:22.255 - Entering Timer - 82
2019-07-23 18:26:22.269 - Enemy Move 82
2019-07-23 18:26:22.281 - Showing Object Movement
2019-07-23 18:26:22.290 - ShowObjectMovement Action F60 point hit from Klingon at (6,4) with -2 @ (5,3)
2019-07-23 18:26:22.302 - ComsChatter ==> 60 point hit from Klingon at (6,4)
2019-07-23 18:26:22.324 - Timer done 82 step=3
2019-07-23 18:26:22.501 - Entering Timer - 83
2019-07-23 18:26:22.517 - Enemy Move 83
2019-07-23 18:26:22.529 - Showing Object Movement
2019-07-23 18:26:22.541 - ShowObjectMovement Action F with -2 @ (5,3)
2019-07-23 18:26:22.552 - Timer done 83 step=3
2019-07-23 18:26:22.727 - Entering Timer - 84
2019-07-23 18:26:22.742 - Enemy Move 84
2019-07-23 18:26:22.763 - Showing Object Movement
2019-07-23 18:26:22.776 - ShowObjectMovement Action F with -2 @ (5,3)
2019-07-23 18:26:22.789 - Timer done 84 step=3
2019-07-23 18:26:22.951 - Entering Timer - 85
2019-07-23 18:26:22.967 - Enemy Move 85
2019-07-23 18:26:22.981 - Showing Object Movement
2019-07-23 18:26:22.997 - ShowObjectMovement Action F with 2 @ (5,3)
2019-07-23 18:26:23.012 - Timer done 85 step=3
2019-07-23 18:26:23.183 - Entering Timer - 86
2019-07-23 18:26:23.199 - Enemy Move 86
2019-07-23 18:26:23.216 - Showing Object Movement
2019-07-23 18:26:23.234 - ShowObjectMovement Action CWarp takes 12 damage. with 0 @ (-1,-1)
2019-07-23 18:26:23.259 - ComsChatter ==> Warp takes 12 damage.
2019-07-23 18:26:23.322 - Timer done 86 step=3
2019-07-23 18:26:23.513 - Entering Timer - 87
2019-07-23 18:26:23.532 - Enemy Move 87
2019-07-23 18:26:23.551 - Showing Object Movement
2019-07-23 18:26:23.570 - ShowObjectMovement Action F57 point hit from Klingon at (8,3) with -2 @ (7,2)
2019-07-23 18:26:23.589 - ComsChatter ==> 57 point hit from Klingon at (8,3)
2019-07-23 18:26:23.620 - Timer done 87 step=3
2019-07-23 18:26:23.795 - Entering Timer - 88
2019-07-23 18:26:23.817 - Enemy Move 88
2019-07-23 18:26:23.831 - Showing Object Movement
2019-07-23 18:26:23.851 - ShowObjectMovement Action F with -2 @ (7,2)
2019-07-23 18:26:23.866 - Timer done 88 step=3
2019-07-23 18:26:24.045 - Entering Timer - 89
2019-07-23 18:26:24.060 - Enemy Move 89
2019-07-23 18:26:24.074 - Showing Object Movement
2019-07-23 18:26:24.087 - ShowObjectMovement Action F with -2 @ (7,2)
2019-07-23 18:26:24.108 - Timer done 89 step=3
2019-07-23 18:26:24.277 - Entering Timer - 90
2019-07-23 18:26:24.292 - Enemy Move 90
2019-07-23 18:26:24.329 - Showing Object Movement
2019-07-23 18:26:24.362 - ShowObjectMovement Action F with 2 @ (7,2)
2019-07-23 18:26:24.386 - Timer done 90 step=3
2019-07-23 18:26:24.565 - Entering Timer - 91
2019-07-23 18:26:24.590 - Enemy Move 91
2019-07-23 18:26:24.608 - Showing Object Movement
2019-07-23 18:26:24.621 - ShowObjectMovement Action CLong Range Sensors takes 18 damage. with 0 @ (-1,-1)
2019-07-23 18:26:24.636 - ComsChatter ==> Long Range Sensors takes 18 damage.
2019-07-23 18:26:24.665 - Timer done 91 step=3
2019-07-23 18:26:24.841 - Entering Timer - 92
2019-07-23 18:26:24.858 - Enemy Move 92
2019-07-23 18:26:24.874 - Showing Object Movement
2019-07-23 18:26:24.891 - ShowObjectMovement Action F45 point hit from Klingon at (6,6) with -2 @ (5,5)
2019-07-23 18:26:24.904 - ComsChatter ==> 45 point hit from Klingon at (6,6)
2019-07-23 18:26:24.931 - Timer done 92 step=3
2019-07-23 18:26:25.107 - Entering Timer - 93
2019-07-23 18:26:25.125 - Enemy Move 93
2019-07-23 18:26:25.138 - Showing Object Movement
2019-07-23 18:26:25.152 - ShowObjectMovement Action F with -2 @ (5,5)
2019-07-23 18:26:25.181 - Timer done 93 step=3
2019-07-23 18:26:25.361 - Entering Timer - 94
2019-07-23 18:26:25.381 - Enemy Move 94
2019-07-23 18:26:25.417 - Showing Object Movement
2019-07-23 18:26:25.491 - ShowObjectMovement Action F with -2 @ (5,5)
2019-07-23 18:26:25.515 - Timer done 94 step=3
2019-07-23 18:26:25.691 - Entering Timer - 95
2019-07-23 18:26:25.738 - Enemy Move 95
2019-07-23 18:26:25.753 - Showing Object Movement
2019-07-23 18:26:25.770 - ShowObjectMovement Action F with 2 @ (5,5)
2019-07-23 18:26:25.788 - Timer done 95 step=3
2019-07-23 18:26:25.964 - Entering Timer - 96
2019-07-23 18:26:25.978 - Enemy Move 96
2019-07-23 18:26:25.992 - Showing Object Movement
2019-07-23 18:26:26.006 - ShowObjectMovement Action CTorpedoes takes 22 damage. with 0 @ (-1,-1)
2019-07-23 18:26:26.021 - ComsChatter ==> Torpedoes takes 22 damage.
2019-07-23 18:26:26.060 - Timer done 96 step=3
2019-07-23 18:26:26.262 - Entering Timer - 97
2019-07-23 18:26:26.280 - Enemy Move 97
2019-07-23 18:26:26.299 - Showing Object Movement
2019-07-23 18:26:26.313 - Timer done 97 step=4
2019-07-23 18:26:26.481 - Entering Timer - 98
2019-07-23 18:26:26.510 - SetCondition - starDate=3421.9  energy=100
2019-07-23 18:26:26.528 - Alert Level = 3
2019-07-23 18:26:26.545 - Set buttons
2019-07-23 18:26:26.577 - Docked
2019-07-23 18:26:26.634 - Starbases
2019-07-23 18:26:26.756 - In StarBase
2019-07-23 18:26:26.786 - Exit Starbases
2019-07-23 18:26:26.818 - DC
2019-07-23 18:26:26.834 - LRS
2019-07-23 18:26:26.862 - SetLRS for 1,4
2019-07-23 18:26:26.925 - Exiting setcondition
2019-07-23 18:26:26.951 - Endgame check
2019-07-23 18:26:26.965 - Timer done 98 step=5
2019-07-23 18:26:27.014 - In Torpedoes
2019-07-23 18:26:28.493 - ObjectMovement.add Type=9 Action=A @ 5,2
2019-07-23 18:26:28.543 - ObjectMovement.add Type=9 Action=R @ 5,2
2019-07-23 18:26:28.571 - ObjectMovement.add Type=2 Action=CChekov yells, 'Direct hit, Kiptan!' @ 5,3
2019-07-23 18:26:28.616 - SetCondition - starDate=3422  energy=100
2019-07-23 18:26:28.642 - Alert Level = 3
2019-07-23 18:26:28.666 - Set buttons
2019-07-23 18:26:28.685 - Docked
2019-07-23 18:26:28.705 - Starbases
2019-07-23 18:26:28.721 - In StarBase
2019-07-23 18:26:28.735 - Exit Starbases
2019-07-23 18:26:28.749 - DC
2019-07-23 18:26:28.764 - LRS
2019-07-23 18:26:28.789 - SetLRS for 1,4
2019-07-23 18:26:28.813 - Exiting setcondition
2019-07-23 18:26:28.863 - Endgame check
2019-07-23 18:26:28.879 - Updating Status
2019-07-23 18:26:28.896 - lblStarDate=3422.0 (26.0)
2019-07-23 18:26:28.913 - lblEnergy=100.0%
2019-07-23 18:26:28.926 - lblKlingons=58
2019-07-23 18:26:29.029 - Entering Timer - 99
2019-07-23 18:26:29.049 - Enterprise Move - 99
2019-07-23 18:26:29.061 - Showing Object Movement
2019-07-23 18:26:29.079 - ShowObjectMovement Action A with 9 @ (5,2)
2019-07-23 18:26:29.096 - Timer done 99 step=1
2019-07-23 18:26:29.267 - Entering Timer - 100
2019-07-23 18:26:29.279 - Enterprise Move - 100
2019-07-23 18:26:29.292 - Showing Object Movement
2019-07-23 18:26:29.303 - ShowObjectMovement Action A with 9 @ (5,2)
2019-07-23 18:26:29.319 - Timer done 100 step=1
2019-07-23 18:26:29.498 - Entering Timer - 101
2019-07-23 18:26:29.519 - Enterprise Move - 101
2019-07-23 18:26:29.532 - Showing Object Movement
2019-07-23 18:26:29.550 - ShowObjectMovement Action R with 9 @ (5,2)
2019-07-23 18:26:29.570 - Timer done 101 step=1
2019-07-23 18:26:29.734 - Entering Timer - 102
2019-07-23 18:26:29.751 - Enterprise Move - 102
2019-07-23 18:26:29.768 - Showing Object Movement
2019-07-23 18:26:29.782 - ShowObjectMovement Action CChekov yells, 'Direct hit, Kiptan!' with 2 @ (5,3)
2019-07-23 18:26:29.797 - ComsChatter ==> Chekov yells, 'Direct hit, Kiptan!'
2019-07-23 18:26:29.829 - Timer done 102 step=1
2019-07-23 18:26:30.013 - Entering Timer - 103
2019-07-23 18:26:30.029 - Enterprise Move - 103
2019-07-23 18:26:30.046 - Showing Object Movement
2019-07-23 18:26:30.060 - Timer done 103 step=2
2019-07-23 18:26:30.247 - Entering Timer - 104
2019-07-23 18:26:30.265 - Post Enterprise Move - Taking Fire104
2019-07-23 18:26:30.285 - ObjectMovement.add Type=-2 Action=F5 point hit from Klingon at (6,4) @ 5,3
2019-07-23 18:26:30.303 - ObjectMovement.add Type=-2 Action=F @ 5,3
2019-07-23 18:26:30.322 - ObjectMovement.add Type=-2 Action=F @ 5,3
2019-07-23 18:26:30.380 - ObjectMovement.add Type=2 Action=F @ 5,3
2019-07-23 18:26:30.396 - Enemy hit =5
2019-07-23 18:26:30.418 - Shield power =30
2019-07-23 18:26:30.436 -     Adjusted hit =2
2019-07-23 18:26:30.451 - ObjectMovement.add Type=-2 Action=F57 point hit from Klingon at (8,3) @ 7,2
2019-07-23 18:26:30.466 - ObjectMovement.add Type=-2 Action=F @ 7,2
2019-07-23 18:26:30.481 - ObjectMovement.add Type=-2 Action=F @ 7,2
2019-07-23 18:26:30.498 - ObjectMovement.add Type=2 Action=F @ 7,2
2019-07-23 18:26:30.519 - Enemy hit =57
2019-07-23 18:26:30.536 - Shield power =28
2019-07-23 18:26:30.555 -     Adjusted hit =28
2019-07-23 18:26:30.603 - ObjectMovement.add Type=-2 Action=F45 point hit from Klingon at (6,6) @ 5,5
2019-07-23 18:26:30.667 - ObjectMovement.add Type=-2 Action=F @ 5,5
2019-07-23 18:26:30.685 - ObjectMovement.add Type=-2 Action=F @ 5,5
2019-07-23 18:26:30.701 - ObjectMovement.add Type=2 Action=F @ 5,5
2019-07-23 18:26:30.720 - Enemy hit =45
2019-07-23 18:26:30.744 - Shield power =0
2019-07-23 18:26:30.770 -     Adjusted hit =22
2019-07-23 18:26:30.797 - ObjectMovement.add Type=0 Action=CLong Range Sensors takes 22 damage. @ -1,-1
2019-07-23 18:26:30.814 - Timer done 104 step=3
2019-07-23 18:26:30.982 - Entering Timer - 105
2019-07-23 18:26:31.005 - Enemy Move 105
2019-07-23 18:26:31.023 - Showing Object Movement
2019-07-23 18:26:31.039 - ShowObjectMovement Action F5 point hit from Klingon at (6,4) with -2 @ (5,3)
2019-07-23 18:26:31.053 - ComsChatter ==> 5 point hit from Klingon at (6,4)
2019-07-23 18:26:31.095 - Timer done 105 step=3
2019-07-23 18:26:31.270 - Entering Timer - 106
2019-07-23 18:26:31.286 - Enemy Move 106
2019-07-23 18:26:31.300 - Showing Object Movement
2019-07-23 18:26:31.314 - ShowObjectMovement Action F with -2 @ (5,3)
2019-07-23 18:26:31.327 - Timer done 106 step=3
2019-07-23 18:26:31.497 - Entering Timer - 107
2019-07-23 18:26:31.514 - Enemy Move 107
2019-07-23 18:26:31.531 - Showing Object Movement
2019-07-23 18:26:31.545 - ShowObjectMovement Action F with -2 @ (5,3)
2019-07-23 18:26:31.561 - Timer done 107 step=3
2019-07-23 18:26:31.733 - Entering Timer - 108
2019-07-23 18:26:31.750 - Enemy Move 108
2019-07-23 18:26:31.765 - Showing Object Movement
2019-07-23 18:26:31.782 - ShowObjectMovement Action F with 2 @ (5,3)
2019-07-23 18:26:31.797 - Timer done 108 step=3
2019-07-23 18:26:31.970 - Entering Timer - 109
2019-07-23 18:26:31.991 - Enemy Move 109
2019-07-23 18:26:32.011 - Showing Object Movement
2019-07-23 18:26:32.036 - ShowObjectMovement Action F57 point hit from Klingon at (8,3) with -2 @ (7,2)
2019-07-23 18:26:32.055 - ComsChatter ==> 57 point hit from Klingon at (8,3)
2019-07-23 18:26:32.143 - Timer done 109 step=3
2019-07-23 18:26:32.361 - Entering Timer - 110
2019-07-23 18:26:32.379 - Enemy Move 110
2019-07-23 18:26:32.392 - Showing Object Movement
2019-07-23 18:26:32.408 - ShowObjectMovement Action F with -2 @ (7,2)
2019-07-23 18:26:32.422 - Timer done 110 step=3
2019-07-23 18:26:32.608 - Entering Timer - 111
2019-07-23 18:26:32.623 - Enemy Move 111
2019-07-23 18:26:32.639 - Showing Object Movement
2019-07-23 18:26:32.662 - ShowObjectMovement Action F with -2 @ (7,2)
2019-07-23 18:26:32.677 - Timer done 111 step=3
2019-07-23 18:26:32.873 - Entering Timer - 112
2019-07-23 18:26:32.893 - Enemy Move 112
2019-07-23 18:26:32.919 - Showing Object Movement
2019-07-23 18:26:32.943 - ShowObjectMovement Action F with 2 @ (7,2)
2019-07-23 18:26:32.962 - Timer done 112 step=3
2019-07-23 18:26:33.137 - Entering Timer - 113
2019-07-23 18:26:33.178 - Enemy Move 113
2019-07-23 18:26:33.194 - Showing Object Movement
2019-07-23 18:26:33.211 - ShowObjectMovement Action F45 point hit from Klingon at (6,6) with -2 @ (5,5)
2019-07-23 18:26:33.235 - ComsChatter ==> 45 point hit from Klingon at (6,6)
2019-07-23 18:26:33.267 - Timer done 113 step=3
2019-07-23 18:26:33.436 - Entering Timer - 114
2019-07-23 18:26:33.453 - Enemy Move 114
2019-07-23 18:26:33.471 - Showing Object Movement
2019-07-23 18:26:33.485 - ShowObjectMovement Action F with -2 @ (5,5)
2019-07-23 18:26:33.503 - Timer done 114 step=3
2019-07-23 18:26:33.671 - Entering Timer - 115
2019-07-23 18:26:33.692 - Enemy Move 115
2019-07-23 18:26:33.709 - Showing Object Movement
2019-07-23 18:26:33.741 - ShowObjectMovement Action F with -2 @ (5,5)
2019-07-23 18:26:33.770 - Timer done 115 step=3
2019-07-23 18:26:33.951 - Entering Timer - 116
2019-07-23 18:26:33.984 - Enemy Move 116
2019-07-23 18:26:34.008 - Showing Object Movement
2019-07-23 18:26:34.026 - ShowObjectMovement Action F with 2 @ (5,5)
2019-07-23 18:26:34.045 - Timer done 116 step=3
2019-07-23 18:26:34.221 - Entering Timer - 117
2019-07-23 18:26:34.281 - Enemy Move 117
2019-07-23 18:26:34.314 - Showing Object Movement
2019-07-23 18:26:34.335 - ShowObjectMovement Action CLong Range Sensors takes 22 damage. with 0 @ (-1,-1)
2019-07-23 18:26:34.367 - ComsChatter ==> Long Range Sensors takes 22 damage.
2019-07-23 18:26:34.411 - Timer done 117 step=3
2019-07-23 18:26:34.608 - Entering Timer - 118
2019-07-23 18:26:34.625 - Enemy Move 118
2019-07-23 18:26:34.641 - Showing Object Movement
2019-07-23 18:26:34.654 - Timer done 118 step=4
2019-07-23 18:26:34.814 - In Torpedoes
2019-07-23 18:26:34.875 - ----------> Entering Timer - 119SetCondition - starDate=3422  energy=100
2019-07-23 18:26:35.017 - Alert Level = 3
2019-07-23 18:26:35.073 - Set buttons
2019-07-23 18:26:35.291 - Docked
2019-07-23 18:26:35.384 - Starbases
2019-07-23 18:26:35.436 - In StarBase
2019-07-23 18:26:35.609 - Exit Starbases
2019-07-23 18:26:35.657 - DC
2019-07-23 18:26:35.673 - LRS
2019-07-23 18:26:35.689 - SetLRS for 1,4
2019-07-23 18:26:35.712 - Exiting setcondition
2019-07-23 18:26:35.746 - Endgame check
2019-07-23 18:26:35.766 - Timer done 119 step=5
2019-07-23 18:26:41.744 - ObjectMovement.add Type=9 Action=A @ 6,1
2019-07-23 18:26:41.807 - ObjectMovement.add Type=9 Action=R @ 6,1
2019-07-23 18:26:41.851 - ObjectMovement.add Type=2 Action=CChekov yells, 'Direct hit, Kiptan!' @ 7,2
2019-07-23 18:26:41.880 - ObjectMovement.add Type=2 Action=D @ 7,2
2019-07-23 18:26:41.898 - SetCondition - starDate=3422.1  energy=100
2019-07-23 18:26:41.919 - Alert Level = 3
2019-07-23 18:26:41.952 - Set buttons
2019-07-23 18:26:41.980 - Docked
2019-07-23 18:26:42.005 - Starbases
2019-07-23 18:26:42.021 - In StarBase
2019-07-23 18:26:42.045 - Exit Starbases
2019-07-23 18:26:42.075 - DC
2019-07-23 18:26:42.094 - LRS
2019-07-23 18:26:42.109 - SetLRS for 1,4
2019-07-23 18:26:42.124 - Exiting setcondition
2019-07-23 18:26:42.140 - Endgame check
2019-07-23 18:26:42.154 - Updating Status
2019-07-23 18:26:42.167 - lblStarDate=3422.1 (25.9)
2019-07-23 18:26:42.181 - lblEnergy=100.0%
2019-07-23 18:26:42.195 - lblKlingons=58
2019-07-23 18:26:42.315 - Entering Timer - 120
2019-07-23 18:26:42.331 - Enterprise Move - 120
2019-07-23 18:26:42.353 - Showing Object Movement
2019-07-23 18:26:42.373 - ShowObjectMovement Action A with 9 @ (6,1)
2019-07-23 18:26:42.389 - Timer done 120 step=1
2019-07-23 18:26:42.568 - Entering Timer - 121
2019-07-23 18:26:42.587 - Enterprise Move - 121
2019-07-23 18:26:42.602 - Showing Object Movement
2019-07-23 18:26:42.614 - ShowObjectMovement Action A with 9 @ (6,1)
2019-07-23 18:26:42.627 - Timer done 121 step=1
2019-07-23 18:26:42.801 - Entering Timer - 122
2019-07-23 18:26:42.815 - Enterprise Move - 122
2019-07-23 18:26:42.828 - Showing Object Movement
2019-07-23 18:26:42.844 - ShowObjectMovement Action R with 9 @ (6,1)
2019-07-23 18:26:42.859 - Timer done 122 step=1
2019-07-23 18:26:43.039 - Entering Timer - 123
2019-07-23 18:26:43.055 - Enterprise Move - 123
2019-07-23 18:26:43.070 - Showing Object Movement
2019-07-23 18:26:43.086 - ShowObjectMovement Action CChekov yells, 'Direct hit, Kiptan!' with 2 @ (7,2)
2019-07-23 18:26:43.111 - ComsChatter ==> Chekov yells, 'Direct hit, Kiptan!'
2019-07-23 18:26:43.166 - Timer done 123 step=1
2019-07-23 18:26:43.344 - Entering Timer - 124
2019-07-23 18:26:43.374 - Enterprise Move - 124
2019-07-23 18:26:43.393 - Showing Object Movement
2019-07-23 18:26:43.433 - ShowObjectMovement Action D with 2 @ (7,2)
2019-07-23 18:26:43.466 - ComsChatter ==> Klingon destroyed!
2019-07-23 18:26:43.504 - gameObjects.removeStartObjectAt 7,2 type=2
2019-07-23 18:26:43.541 - Timer done 124 step=2
2019-07-23 18:26:43.721 - Entering Timer - 125
2019-07-23 18:26:43.738 - Post Enterprise Move - Taking Fire125
2019-07-23 18:26:43.752 - ObjectMovement.add Type=-2 Action=F5 point hit from Klingon at (6,4) @ 5,3
2019-07-23 18:26:43.774 - ObjectMovement.add Type=-2 Action=F @ 5,3
2019-07-23 18:26:43.797 - ObjectMovement.add Type=-2 Action=F @ 5,3
2019-07-23 18:26:43.824 - ObjectMovement.add Type=2 Action=F @ 5,3
2019-07-23 18:26:43.837 - Enemy hit =5
2019-07-23 18:26:43.856 - Shield power =0
2019-07-23 18:26:43.876 -     Adjusted hit =2
2019-07-23 18:26:43.897 - ObjectMovement.add Type=0 Action=CLong Range Sensors takes 4 damage. @ -1,-1
2019-07-23 18:26:43.914 - ObjectMovement.add Type=-2 Action=F45 point hit from Klingon at (6,6) @ 5,5
2019-07-23 18:26:43.927 - ObjectMovement.add Type=-2 Action=F @ 5,5
2019-07-23 18:26:43.950 - ObjectMovement.add Type=-2 Action=F @ 5,5
2019-07-23 18:26:43.965 - ObjectMovement.add Type=2 Action=F @ 5,5
2019-07-23 18:26:43.984 - Enemy hit =45
2019-07-23 18:26:44.000 - Shield power =0
2019-07-23 18:26:44.026 -     Adjusted hit =22
2019-07-23 18:26:44.044 - ObjectMovement.add Type=0 Action=CTorpedoes takes 22 damage. @ -1,-1
2019-07-23 18:26:44.061 - Timer done 125 step=3
2019-07-23 18:26:44.237 - Entering Timer - 126
2019-07-23 18:26:44.258 - Enemy Move 126
2019-07-23 18:26:44.275 - Showing Object Movement
2019-07-23 18:26:44.291 - ShowObjectMovement Action F5 point hit from Klingon at (6,4) with -2 @ (5,3)
2019-07-23 18:26:44.304 - ComsChatter ==> 5 point hit from Klingon at (6,4)
2019-07-23 18:26:44.338 - Timer done 126 step=3
2019-07-23 18:26:44.515 - Entering Timer - 127
2019-07-23 18:26:44.532 - Enemy Move 127
2019-07-23 18:26:44.545 - Showing Object Movement
2019-07-23 18:26:44.561 - ShowObjectMovement Action F with -2 @ (5,3)
2019-07-23 18:26:44.575 - Timer done 127 step=3
2019-07-23 18:26:44.738 - Entering Timer - 128
2019-07-23 18:26:44.755 - Enemy Move 128
2019-07-23 18:26:44.769 - Showing Object Movement
2019-07-23 18:26:44.783 - ShowObjectMovement Action F with -2 @ (5,3)
2019-07-23 18:26:44.796 - Timer done 128 step=3
2019-07-23 18:26:44.974 - Entering Timer - 129
2019-07-23 18:26:44.991 - Enemy Move 129
2019-07-23 18:26:45.005 - Showing Object Movement
2019-07-23 18:26:45.019 - ShowObjectMovement Action F with 2 @ (5,3)
2019-07-23 18:26:45.031 - Timer done 129 step=3
2019-07-23 18:26:45.216 - Entering Timer - 130
2019-07-23 18:26:45.229 - Enemy Move 130
2019-07-23 18:26:45.242 - Showing Object Movement
2019-07-23 18:26:45.254 - ShowObjectMovement Action CLong Range Sensors takes 4 damage. with 0 @ (-1,-1)
2019-07-23 18:26:45.273 - ComsChatter ==> Long Range Sensors takes 4 damage.
2019-07-23 18:26:45.305 - Timer done 130 step=3
2019-07-23 18:26:45.484 - Entering Timer - 131
2019-07-23 18:26:45.527 - Enemy Move 131
2019-07-23 18:26:45.550 - Showing Object Movement
2019-07-23 18:26:45.573 - ShowObjectMovement Action F45 point hit from Klingon at (6,6) with -2 @ (5,5)
2019-07-23 18:26:45.590 - ComsChatter ==> 45 point hit from Klingon at (6,6)
2019-07-23 18:26:45.632 - Timer done 131 step=3
2019-07-23 18:26:45.746 - In Phasers
2019-07-23 18:26:45.867 - ----------> Entering Timer - 132Enemy Move 132
2019-07-23 18:26:46.027 - Showing Object Movement
2019-07-23 18:26:46.119 - ShowObjectMovement Action F with -2 @ (5,5)
2019-07-23 18:26:46.156 - Timer done 132 step=3
2019-07-23 18:26:46.341 - Entering Timer - 133
2019-07-23 18:26:46.372 - Enemy Move 133
2019-07-23 18:26:46.388 - Showing Object Movement
2019-07-23 18:26:46.410 - ShowObjectMovement Action F with -2 @ (5,5)
2019-07-23 18:26:46.432 - Timer done 133 step=3
2019-07-23 18:26:46.608 - Entering Timer - 134
2019-07-23 18:26:46.620 - Enemy Move 134
2019-07-23 18:26:46.632 - Showing Object Movement
2019-07-23 18:26:46.648 - ShowObjectMovement Action F with 2 @ (5,5)
2019-07-23 18:26:46.661 - Timer done 134 step=3
2019-07-23 18:26:46.827 - Entering Timer - 135
2019-07-23 18:26:46.841 - Enemy Move 135
2019-07-23 18:26:46.855 - Showing Object Movement
2019-07-23 18:26:46.867 - ShowObjectMovement Action CTorpedoes takes 22 damage. with 0 @ (-1,-1)
2019-07-23 18:26:46.879 - ComsChatter ==> Torpedoes takes 22 damage.
2019-07-23 18:26:46.905 - Timer done 135 step=3
2019-07-23 18:26:47.078 - Entering Timer - 136
2019-07-23 18:26:47.090 - Enemy Move 136
2019-07-23 18:26:47.115 - Showing Object Movement
2019-07-23 18:26:47.124 - Timer done 136 step=4
2019-07-23 18:26:47.286 - Entering Timer - 137
2019-07-23 18:26:47.303 - SetCondition - starDate=3422.1  energy=100
2019-07-23 18:26:47.315 - Alert Level = 3
2019-07-23 18:26:47.326 - Set buttons
2019-07-23 18:26:47.380 - Docked
2019-07-23 18:26:47.453 - ----------> Updating StatuslblStarDate=3422.1 (25.9)
2019-07-23 18:26:47.470 - lblEnergy=100.0%
2019-07-23 18:26:47.540 - lblKlingons=57
2019-07-23 18:26:47.572 - ----------> In StarBase----------> Exit StarbasesDC
2019-07-23 18:26:47.597 - LRS
2019-07-23 18:26:47.650 - ComsChatter ==> Klingon at (6,4) was destroyed!
2019-07-23 18:26:47.727 - gameObjects.removeStartObjectAt 5,3 type=2
2019-07-23 18:26:47.745 - ComsChatter ==> Klingon at (6,6) was hit and is down to 52% power
2019-07-23 18:26:47.784 - SetCondition - starDate=3422.15  energy=95
2019-07-23 18:26:47.810 - Alert Level = 3
2019-07-23 18:26:47.828 - Set buttons
2019-07-23 18:26:47.855 - Docked
2019-07-23 18:26:47.874 - Starbases
2019-07-23 18:26:47.901 - In StarBase
2019-07-23 18:26:47.915 - Exit Starbases
2019-07-23 18:26:47.927 - DC
2019-07-23 18:26:47.935 - LRS
