2019-07-24 08:48:51.363 - ---- System Start ----
2019-07-24 08:48:51.381 - Key Found
2019-07-24 08:48:51.391 - *** Building map panel ***
2019-07-24 08:48:51.414 - ---- Game Start ----
2019-07-24 08:48:51.427 - *** Building map panel ***
2019-07-24 08:48:51.450 - ComsClear
2019-07-24 08:48:51.471 - ComsChatter ==> Starbase 1 checking in!
2019-07-24 08:48:51.478 - Added starbase to loc 27
2019-07-24 08:48:51.489 - Enteprise is in sector 1,3
2019-07-24 08:48:51.495 - Execute SRS
2019-07-24 08:48:51.502 - Clear array
2019-07-24 08:48:51.517 - Place Enterprise
2019-07-24 08:48:51.526 - Placing at 1,3
2019-07-24 08:48:51.536 - Add asteroids
2019-07-24 08:48:51.545 - Placing at 4,7
2019-07-24 08:48:51.552 - Adding Starbase
2019-07-24 08:48:51.572 - Adding Klingons
2019-07-24 08:48:51.585 - Exiting SRS
2019-07-24 08:48:51.603 - SetCondition - starDate=3421  energy=100
2019-07-24 08:48:51.613 - Alert Level = 1
2019-07-24 08:48:51.645 - Set buttons
2019-07-24 08:48:51.655 - Docked
2019-07-24 08:48:51.840 - Starbases
2019-07-24 08:48:51.856 - In StarBase
2019-07-24 08:48:51.866 - Exit Starbases
2019-07-24 08:48:51.879 - DC
2019-07-24 08:48:51.900 - LRS
2019-07-24 08:48:51.915 - SetLRS for 1,3
2019-07-24 08:48:51.959 - Exiting setcondition
2019-07-24 08:48:52.059 - Endgame check
2019-07-24 08:48:52.093 - Timer created
2019-07-24 08:48:52.105 - Debug = True
2019-07-24 08:48:52.118 - Updating Status
2019-07-24 08:48:52.130 - lblStarDate=3421.0 (21.0)
2019-07-24 08:48:52.208 - lblEnergy=100.0%
2019-07-24 08:48:52.245 - lblKlingons=48
2019-07-24 08:48:52.423 - Entering Timer - 1
2019-07-24 08:48:52.435 - Unknown timer step 0 in timer 1
2019-07-24 08:48:52.442 - Timer done 1 step=0
2019-07-24 08:48:58.745 - SHLD pressed
2019-07-24 08:48:58.777 - ComsChatter ==> Raising shields...
2019-07-24 08:48:58.969 - Entering Timer - 2
2019-07-24 08:48:58.986 - Animation complete 2
2019-07-24 08:48:59.001 - SetCondition - starDate=3421  energy=100
2019-07-24 08:48:59.019 - Alert Level = 2
2019-07-24 08:48:59.037 - Set buttons
2019-07-24 08:48:59.202 - ----------> Updating StatuslblStarDate=3421.0 (21.0)
2019-07-24 08:48:59.222 - lblEnergy=100.0%
2019-07-24 08:48:59.302 - lblKlingons=48
2019-07-24 08:48:59.322 - ----------> StarbasesIn StarBase
2019-07-24 08:48:59.346 - Exit Starbases
2019-07-24 08:48:59.377 - DC
2019-07-24 08:48:59.399 - LRS
2019-07-24 08:48:59.428 - SetLRS for 1,3
2019-07-24 08:48:59.457 - Exiting setcondition
2019-07-24 08:48:59.477 - Endgame check
2019-07-24 08:48:59.492 - Timer done 2 step=5
2019-07-24 08:48:59.888 - WARP pressed
2019-07-24 08:48:59.907 - In Warp
2019-07-24 08:49:04.366 - Track length=48
2019-07-24 08:49:04.424 - Warp Track 0 - 2,4
2019-07-24 08:49:04.442 - ComsChatter ==> Now in sector 2,4
2019-07-24 08:49:04.477 - Execute SRS
2019-07-24 08:49:04.516 - Clear array
2019-07-24 08:49:04.537 - Place Enterprise
2019-07-24 08:49:04.557 - Placing at 4,7
2019-07-24 08:49:04.578 - Add asteroids
2019-07-24 08:49:04.593 - Placing at 2,1
2019-07-24 08:49:04.608 - Placing at 5,3
2019-07-24 08:49:04.622 - Failed to place at 3,1
2019-07-24 08:49:04.638 - Placing at 3,4
2019-07-24 08:49:04.654 - Placing at 6,5
2019-07-24 08:49:04.670 - Adding Starbase
2019-07-24 08:49:04.694 - Adding Klingons
2019-07-24 08:49:04.716 - Placing at 1,7
2019-07-24 08:49:04.733 - Placing at 6,4
2019-07-24 08:49:04.749 - Placing at 2,8
2019-07-24 08:49:04.763 - Exiting SRS
2019-07-24 08:49:04.778 - SetCondition - starDate=3421.1  energy=100
2019-07-24 08:49:04.794 - Alert Level = 3
2019-07-24 08:49:04.808 - Set buttons
2019-07-24 08:49:04.825 - Docked
2019-07-24 08:49:04.839 - Starbases
2019-07-24 08:49:04.852 - In StarBase
2019-07-24 08:49:04.867 - Exit Starbases
2019-07-24 08:49:04.884 - DC
2019-07-24 08:49:04.902 - LRS
2019-07-24 08:49:04.917 - SetLRS for 2,4
2019-07-24 08:49:04.937 - Exiting setcondition
2019-07-24 08:49:04.985 - Endgame check
2019-07-24 08:49:05.007 - Updating Status
2019-07-24 08:49:05.024 - lblStarDate=3421.1 (20.9)
2019-07-24 08:49:05.038 - lblEnergy=100.0%
2019-07-24 08:49:05.052 - lblKlingons=48
2019-07-24 08:49:05.174 - Entering Timer - 3
2019-07-24 08:49:05.203 - Enterprise Move - 3
2019-07-24 08:49:05.261 - Showing Object Movement
2019-07-24 08:49:05.302 - Timer done 3 step=2
2019-07-24 08:49:05.479 - Entering Timer - 4
2019-07-24 08:49:05.493 - Post Enterprise Move - Taking Fire4
2019-07-24 08:49:05.516 - ObjectMovement.add Type=-2 Action=F51 point hit from Klingon at (2,8) @ 1,7
2019-07-24 08:49:05.532 - ObjectMovement.add Type=-2 Action=F @ 1,7
2019-07-24 08:49:05.543 - ObjectMovement.add Type=-2 Action=F @ 1,7
2019-07-24 08:49:05.556 - ObjectMovement.add Type=2 Action=F @ 1,7
2019-07-24 08:49:05.575 - Enemy hit =51
2019-07-24 08:49:05.595 - Shield power =100
2019-07-24 08:49:05.607 -     Adjusted hit =1
2019-07-24 08:49:05.623 - ObjectMovement.add Type=-2 Action=F47 point hit from Klingon at (7,5) @ 6,4
2019-07-24 08:49:05.635 - ObjectMovement.add Type=-2 Action=F @ 6,4
2019-07-24 08:49:05.648 - ObjectMovement.add Type=-2 Action=F @ 6,4
2019-07-24 08:49:05.659 - ObjectMovement.add Type=2 Action=F @ 6,4
2019-07-24 08:49:05.670 - Enemy hit =47
2019-07-24 08:49:05.682 - Shield power =99
2019-07-24 08:49:05.691 -     Adjusted hit =1
2019-07-24 08:49:05.704 - ObjectMovement.add Type=0 Action=CDamage Control takes 1 damage. @ -1,-1
2019-07-24 08:49:05.715 - ObjectMovement.add Type=-2 Action=F57 point hit from Klingon at (3,9) @ 2,8
2019-07-24 08:49:05.727 - ObjectMovement.add Type=-2 Action=F @ 2,8
2019-07-24 08:49:05.741 - ObjectMovement.add Type=-2 Action=F @ 2,8
2019-07-24 08:49:05.752 - ObjectMovement.add Type=2 Action=F @ 2,8
2019-07-24 08:49:05.764 - Enemy hit =57
2019-07-24 08:49:05.780 - Shield power =98
2019-07-24 08:49:05.794 -     Adjusted hit =2
2019-07-24 08:49:05.813 - ObjectMovement.add Type=0 Action=CTorpedoes takes 4 damage. @ -1,-1
2019-07-24 08:49:05.827 - Timer done 4 step=3
2019-07-24 08:49:06.005 - Entering Timer - 5
2019-07-24 08:49:06.024 - Enemy Move 5
2019-07-24 08:49:06.039 - Showing Object Movement
2019-07-24 08:49:06.056 - ShowObjectMovement Action F51 point hit from Klingon at (2,8) with -2 @ (1,7)
2019-07-24 08:49:06.068 - ComsChatter ==> 51 point hit from Klingon at (2,8)
2019-07-24 08:49:06.087 - Timer done 5 step=3
2019-07-24 08:49:06.249 - Entering Timer - 6
2019-07-24 08:49:06.265 - Enemy Move 6
2019-07-24 08:49:06.280 - Showing Object Movement
2019-07-24 08:49:06.293 - ShowObjectMovement Action F with -2 @ (1,7)
2019-07-24 08:49:06.307 - Timer done 6 step=3
2019-07-24 08:49:06.477 - Entering Timer - 7
2019-07-24 08:49:06.492 - Enemy Move 7
2019-07-24 08:49:06.505 - Showing Object Movement
2019-07-24 08:49:06.520 - ShowObjectMovement Action F with -2 @ (1,7)
2019-07-24 08:49:06.536 - Timer done 7 step=3
2019-07-24 08:49:06.698 - Entering Timer - 8
2019-07-24 08:49:06.714 - Enemy Move 8
2019-07-24 08:49:06.726 - Showing Object Movement
2019-07-24 08:49:06.739 - ShowObjectMovement Action F with 2 @ (1,7)
2019-07-24 08:49:06.752 - Timer done 8 step=3
2019-07-24 08:49:06.918 - Entering Timer - 9
2019-07-24 08:49:06.935 - Enemy Move 9
2019-07-24 08:49:06.950 - Showing Object Movement
2019-07-24 08:49:06.962 - ShowObjectMovement Action F47 point hit from Klingon at (7,5) with -2 @ (6,4)
2019-07-24 08:49:06.980 - ComsChatter ==> 47 point hit from Klingon at (7,5)
2019-07-24 08:49:07.000 - Timer done 9 step=3
2019-07-24 08:49:07.179 - Entering Timer - 10
2019-07-24 08:49:07.192 - Enemy Move 10
2019-07-24 08:49:07.207 - Showing Object Movement
2019-07-24 08:49:07.220 - ShowObjectMovement Action F with -2 @ (6,4)
2019-07-24 08:49:07.234 - Timer done 10 step=3
2019-07-24 08:49:07.398 - Entering Timer - 11
2019-07-24 08:49:07.412 - Enemy Move 11
2019-07-24 08:49:07.426 - Showing Object Movement
2019-07-24 08:49:07.438 - ShowObjectMovement Action F with -2 @ (6,4)
2019-07-24 08:49:07.451 - Timer done 11 step=3
2019-07-24 08:49:07.623 - Entering Timer - 12
2019-07-24 08:49:07.638 - Enemy Move 12
2019-07-24 08:49:07.654 - Showing Object Movement
2019-07-24 08:49:07.669 - ShowObjectMovement Action F with 2 @ (6,4)
2019-07-24 08:49:07.685 - Timer done 12 step=3
2019-07-24 08:49:07.868 - Entering Timer - 13
2019-07-24 08:49:07.882 - Enemy Move 13
2019-07-24 08:49:07.897 - Showing Object Movement
2019-07-24 08:49:07.913 - ShowObjectMovement Action CDamage Control takes 1 damage. with 0 @ (-1,-1)
2019-07-24 08:49:07.937 - ComsChatter ==> Damage Control takes 1 damage.
2019-07-24 08:49:07.969 - Timer done 13 step=3
2019-07-24 08:49:08.151 - Entering Timer - 14
2019-07-24 08:49:08.216 - Enemy Move 14
2019-07-24 08:49:08.232 - Showing Object Movement
2019-07-24 08:49:08.247 - ShowObjectMovement Action F57 point hit from Klingon at (3,9) with -2 @ (2,8)
2019-07-24 08:49:08.269 - ComsChatter ==> 57 point hit from Klingon at (3,9)
2019-07-24 08:49:08.292 - Timer done 14 step=3
2019-07-24 08:49:08.462 - Entering Timer - 15
2019-07-24 08:49:08.480 - Enemy Move 15
2019-07-24 08:49:08.496 - Showing Object Movement
2019-07-24 08:49:08.514 - ShowObjectMovement Action F with -2 @ (2,8)
2019-07-24 08:49:08.528 - Timer done 15 step=3
2019-07-24 08:49:08.709 - Entering Timer - 16
2019-07-24 08:49:08.724 - Enemy Move 16
2019-07-24 08:49:08.737 - Showing Object Movement
2019-07-24 08:49:08.751 - ShowObjectMovement Action F with -2 @ (2,8)
2019-07-24 08:49:08.773 - Timer done 16 step=3
2019-07-24 08:49:08.960 - Entering Timer - 17
2019-07-24 08:49:08.983 - Enemy Move 17
2019-07-24 08:49:09.004 - Showing Object Movement
2019-07-24 08:49:09.055 - ShowObjectMovement Action F with 2 @ (2,8)
2019-07-24 08:49:09.073 - Timer done 17 step=3
2019-07-24 08:49:09.242 - Entering Timer - 18
2019-07-24 08:49:09.266 - Enemy Move 18
2019-07-24 08:49:09.282 - Showing Object Movement
2019-07-24 08:49:09.297 - ShowObjectMovement Action CTorpedoes takes 4 damage. with 0 @ (-1,-1)
2019-07-24 08:49:09.317 - ComsChatter ==> Torpedoes takes 4 damage.
2019-07-24 08:49:09.342 - Timer done 18 step=3
2019-07-24 08:49:09.521 - Entering Timer - 19
2019-07-24 08:49:09.541 - Enemy Move 19
2019-07-24 08:49:09.554 - Showing Object Movement
2019-07-24 08:49:09.573 - Timer done 19 step=4
2019-07-24 08:49:09.747 - Entering Timer - 20
2019-07-24 08:49:09.772 - Animation complete 20
2019-07-24 08:49:09.788 - SetCondition - starDate=3421.1  energy=100
2019-07-24 08:49:09.809 - Alert Level = 3
2019-07-24 08:49:09.836 - Set buttons
2019-07-24 08:49:09.879 - Docked
2019-07-24 08:49:09.930 - ----------> Updating StatuslblStarDate=3421.1 (20.9)
2019-07-24 08:49:09.974 - lblEnergy=100.0%
2019-07-24 08:49:10.047 - lblKlingons=48
2019-07-24 08:49:10.108 - ----------> Exit StarbasesDC
2019-07-24 08:49:10.139 - LRS
2019-07-24 08:49:10.156 - SetLRS for 2,4
2019-07-24 08:49:10.201 - Exiting setcondition
2019-07-24 08:49:10.214 - Endgame check
2019-07-24 08:49:10.230 - Timer done 20 step=5
2019-07-24 08:49:11.328 - TORP pressed
2019-07-24 08:49:11.344 - In Torpedoes
2019-07-24 08:49:13.295 - ObjectMovement.add Type=9 Action=A @ 3,7
2019-07-24 08:49:13.359 - ObjectMovement.add Type=9 Action=R @ 3,7
2019-07-24 08:49:13.431 - ObjectMovement.add Type=9 Action=A @ 2,7
2019-07-24 08:49:13.457 - ObjectMovement.add Type=9 Action=R @ 2,7
2019-07-24 08:49:13.501 - ObjectMovement.add Type=2 Action=CChekov yells, 'Direct hit, Kiptan!' @ 1,7
2019-07-24 08:49:13.526 - ObjectMovement.add Type=2 Action=D @ 1,7
2019-07-24 08:49:13.542 - SetCondition - starDate=3421.2  energy=100
2019-07-24 08:49:13.558 - Alert Level = 3
2019-07-24 08:49:13.570 - Set buttons
2019-07-24 08:49:13.584 - Docked
2019-07-24 08:49:13.596 - Starbases
2019-07-24 08:49:13.609 - In StarBase
2019-07-24 08:49:13.622 - Exit Starbases
2019-07-24 08:49:13.635 - DC
2019-07-24 08:49:13.647 - LRS
2019-07-24 08:49:13.661 - SetLRS for 2,4
2019-07-24 08:49:13.676 - Exiting setcondition
2019-07-24 08:49:13.693 - Endgame check
2019-07-24 08:49:13.708 - Updating Status
2019-07-24 08:49:13.721 - lblStarDate=3421.2 (20.8)
2019-07-24 08:49:13.752 - lblEnergy=100.0%
2019-07-24 08:49:13.772 - lblKlingons=48
2019-07-24 08:49:13.859 - Entering Timer - 21
2019-07-24 08:49:13.891 - Enterprise Move - 21
2019-07-24 08:49:13.914 - Showing Object Movement
2019-07-24 08:49:13.934 - ShowObjectMovement Action A with 9 @ (3,7)
2019-07-24 08:49:13.950 - Timer done 21 step=1
2019-07-24 08:49:14.119 - Entering Timer - 22
2019-07-24 08:49:14.138 - Enterprise Move - 22
2019-07-24 08:49:14.152 - Showing Object Movement
2019-07-24 08:49:14.164 - ShowObjectMovement Action A with 9 @ (3,7)
2019-07-24 08:49:14.177 - Timer done 22 step=1
2019-07-24 08:49:14.340 - Entering Timer - 23
2019-07-24 08:49:14.362 - Enterprise Move - 23
2019-07-24 08:49:14.381 - Showing Object Movement
2019-07-24 08:49:14.396 - ShowObjectMovement Action R with 9 @ (3,7)
2019-07-24 08:49:14.408 - Timer done 23 step=1
2019-07-24 08:49:14.586 - Entering Timer - 24
2019-07-24 08:49:14.604 - Enterprise Move - 24
2019-07-24 08:49:14.621 - Showing Object Movement
2019-07-24 08:49:14.640 - ShowObjectMovement Action A with 9 @ (2,7)
2019-07-24 08:49:14.655 - Timer done 24 step=1
2019-07-24 08:49:14.824 - Entering Timer - 25
2019-07-24 08:49:14.842 - Enterprise Move - 25
2019-07-24 08:49:14.860 - Showing Object Movement
2019-07-24 08:49:14.876 - ShowObjectMovement Action A with 9 @ (2,7)
2019-07-24 08:49:14.892 - Timer done 25 step=1
2019-07-24 08:49:15.073 - Entering Timer - 26
2019-07-24 08:49:15.092 - Enterprise Move - 26
2019-07-24 08:49:15.107 - Showing Object Movement
2019-07-24 08:49:15.123 - ShowObjectMovement Action R with 9 @ (2,7)
2019-07-24 08:49:15.137 - Timer done 26 step=1
2019-07-24 08:49:15.308 - Entering Timer - 27
2019-07-24 08:49:15.329 - Enterprise Move - 27
2019-07-24 08:49:15.346 - Showing Object Movement
2019-07-24 08:49:15.361 - ShowObjectMovement Action CChekov yells, 'Direct hit, Kiptan!' with 2 @ (1,7)
2019-07-24 08:49:15.386 - ComsChatter ==> Chekov yells, 'Direct hit, Kiptan!'
2019-07-24 08:49:15.441 - Timer done 27 step=1
2019-07-24 08:49:15.635 - Entering Timer - 28
2019-07-24 08:49:15.656 - Enterprise Move - 28
2019-07-24 08:49:15.673 - Showing Object Movement
2019-07-24 08:49:15.688 - ShowObjectMovement Action D with 2 @ (1,7)
2019-07-24 08:49:15.704 - ComsChatter ==> Klingon destroyed!
2019-07-24 08:49:15.729 - gameObjects.removeStartObjectAt 1,7 type=2
2019-07-24 08:49:15.743 - Timer done 28 step=2
2019-07-24 08:49:15.930 - Entering Timer - 29
2019-07-24 08:49:15.947 - Post Enterprise Move - Taking Fire29
2019-07-24 08:49:15.961 - ObjectMovement.add Type=-2 Action=F47 point hit from Klingon at (7,5) @ 6,4
2019-07-24 08:49:15.977 - ObjectMovement.add Type=-2 Action=F @ 6,4
2019-07-24 08:49:15.991 - ObjectMovement.add Type=-2 Action=F @ 6,4
2019-07-24 08:49:16.005 - ObjectMovement.add Type=2 Action=F @ 6,4
2019-07-24 08:49:16.025 - Enemy hit =47
2019-07-24 08:49:16.044 - Shield power =96
2019-07-24 08:49:16.080 -     Adjusted hit =3
2019-07-24 08:49:16.106 - ObjectMovement.add Type=0 Action=CDamage Control takes 1 damage. @ -1,-1
2019-07-24 08:49:16.136 - ObjectMovement.add Type=-2 Action=F57 point hit from Klingon at (3,9) @ 2,8
2019-07-24 08:49:16.151 - ObjectMovement.add Type=-2 Action=F @ 2,8
2019-07-24 08:49:16.171 - ObjectMovement.add Type=-2 Action=F @ 2,8
2019-07-24 08:49:16.189 - ObjectMovement.add Type=2 Action=F @ 2,8
2019-07-24 08:49:16.210 - Enemy hit =57
2019-07-24 08:49:16.231 - Shield power =93
2019-07-24 08:49:16.248 -     Adjusted hit =5
2019-07-24 08:49:16.272 - ObjectMovement.add Type=0 Action=CTorpedoes takes 5 damage. @ -1,-1
2019-07-24 08:49:16.297 - Timer done 29 step=3
2019-07-24 08:49:16.485 - Entering Timer - 30
2019-07-24 08:49:16.504 - Enemy Move 30
2019-07-24 08:49:16.529 - Showing Object Movement
2019-07-24 08:49:16.544 - ShowObjectMovement Action F47 point hit from Klingon at (7,5) with -2 @ (6,4)
2019-07-24 08:49:16.564 - ComsChatter ==> 47 point hit from Klingon at (7,5)
2019-07-24 08:49:16.585 - Timer done 30 step=3
2019-07-24 08:49:16.758 - Entering Timer - 31
2019-07-24 08:49:16.800 - Enemy Move 31
2019-07-24 08:49:16.816 - Showing Object Movement
2019-07-24 08:49:16.828 - ShowObjectMovement Action F with -2 @ (6,4)
2019-07-24 08:49:16.842 - Timer done 31 step=3
2019-07-24 08:49:17.013 - Entering Timer - 32
2019-07-24 08:49:17.026 - Enemy Move 32
2019-07-24 08:49:17.036 - Showing Object Movement
2019-07-24 08:49:17.048 - ShowObjectMovement Action F with -2 @ (6,4)
2019-07-24 08:49:17.059 - Timer done 32 step=3
2019-07-24 08:49:17.232 - Entering Timer - 33
2019-07-24 08:49:17.244 - Enemy Move 33
2019-07-24 08:49:17.256 - Showing Object Movement
2019-07-24 08:49:17.268 - ShowObjectMovement Action F with 2 @ (6,4)
2019-07-24 08:49:17.281 - Timer done 33 step=3
2019-07-24 08:49:17.452 - Entering Timer - 34
2019-07-24 08:49:17.464 - Enemy Move 34
2019-07-24 08:49:17.480 - Showing Object Movement
2019-07-24 08:49:17.489 - ShowObjectMovement Action CDamage Control takes 1 damage. with 0 @ (-1,-1)
2019-07-24 08:49:17.501 - ComsChatter ==> Damage Control takes 1 damage.
2019-07-24 08:49:17.521 - Timer done 34 step=3
2019-07-24 08:49:17.726 - Entering Timer - 35
2019-07-24 08:49:17.747 - Enemy Move 35
2019-07-24 08:49:17.775 - Showing Object Movement
2019-07-24 08:49:17.803 - ShowObjectMovement Action F57 point hit from Klingon at (3,9) with -2 @ (2,8)
2019-07-24 08:49:17.824 - ComsChatter ==> 57 point hit from Klingon at (3,9)
2019-07-24 08:49:17.854 - Timer done 35 step=3
2019-07-24 08:49:18.045 - Entering Timer - 36
2019-07-24 08:49:18.081 - Enemy Move 36
2019-07-24 08:49:18.099 - Showing Object Movement
2019-07-24 08:49:18.116 - ShowObjectMovement Action F with -2 @ (2,8)
2019-07-24 08:49:18.133 - Timer done 36 step=3
2019-07-24 08:49:18.314 - Entering Timer - 37
2019-07-24 08:49:18.341 - Enemy Move 37
2019-07-24 08:49:18.358 - Showing Object Movement
2019-07-24 08:49:18.376 - ShowObjectMovement Action F with -2 @ (2,8)
2019-07-24 08:49:18.392 - Timer done 37 step=3
2019-07-24 08:49:18.574 - Entering Timer - 38
2019-07-24 08:49:18.590 - Enemy Move 38
2019-07-24 08:49:18.602 - Showing Object Movement
2019-07-24 08:49:18.619 - ShowObjectMovement Action F with 2 @ (2,8)
2019-07-24 08:49:18.637 - Timer done 38 step=3
2019-07-24 08:49:18.819 - Entering Timer - 39
2019-07-24 08:49:18.836 - Enemy Move 39
2019-07-24 08:49:18.861 - Showing Object Movement
2019-07-24 08:49:18.896 - ShowObjectMovement Action CTorpedoes takes 5 damage. with 0 @ (-1,-1)
2019-07-24 08:49:18.911 - ComsChatter ==> Torpedoes takes 5 damage.
2019-07-24 08:49:18.934 - Timer done 39 step=3
2019-07-24 08:49:19.107 - Entering Timer - 40
2019-07-24 08:49:19.154 - Enemy Move 40
2019-07-24 08:49:19.199 - Showing Object Movement
2019-07-24 08:49:19.245 - Timer done 40 step=4
2019-07-24 08:49:19.417 - Entering Timer - 41
2019-07-24 08:49:19.433 - Animation complete 41
2019-07-24 08:49:19.444 - SetCondition - starDate=3421.2  energy=100
2019-07-24 08:49:19.458 - Alert Level = 3
2019-07-24 08:49:19.471 - Set buttons
2019-07-24 08:49:19.496 - Docked
2019-07-24 08:49:19.672 - Starbases
2019-07-24 08:49:19.708 - In StarBase
2019-07-24 08:49:19.720 - Exit Starbases
2019-07-24 08:49:19.748 - DC
2019-07-24 08:49:19.784 - LRS
2019-07-24 08:49:19.811 - SetLRS for 2,4
2019-07-24 08:49:19.860 - Exiting setcondition
2019-07-24 08:49:19.894 - Endgame check
2019-07-24 08:49:19.907 - Timer done 41 step=5
2019-07-24 08:49:20.551 - TORP pressed
2019-07-24 08:49:20.569 - In Torpedoes
2019-07-24 08:49:22.368 - ObjectMovement.add Type=9 Action=A @ 3,7
2019-07-24 08:49:22.416 - ObjectMovement.add Type=9 Action=R @ 3,7
2019-07-24 08:49:22.437 - ObjectMovement.add Type=2 Action=CChekov yells, 'Direct hit, Kiptan!' @ 2,8
2019-07-24 08:49:22.455 - ObjectMovement.add Type=2 Action=D @ 2,8
2019-07-24 08:49:22.497 - SetCondition - starDate=3421.3  energy=100
2019-07-24 08:49:22.534 - Alert Level = 3
2019-07-24 08:49:22.555 - Set buttons
2019-07-24 08:49:22.598 - Docked
2019-07-24 08:49:22.616 - Starbases
2019-07-24 08:49:22.635 - In StarBase
2019-07-24 08:49:22.648 - Exit Starbases
2019-07-24 08:49:22.679 - DC
2019-07-24 08:49:22.695 - LRS
2019-07-24 08:49:22.719 - SetLRS for 2,4
2019-07-24 08:49:22.744 - Exiting setcondition
2019-07-24 08:49:22.775 - Endgame check
2019-07-24 08:49:22.791 - Updating Status
2019-07-24 08:49:22.806 - lblStarDate=3421.3 (20.7)
2019-07-24 08:49:22.825 - lblEnergy=100.0%
2019-07-24 08:49:22.849 - lblKlingons=47
2019-07-24 08:49:22.951 - Entering Timer - 42
2019-07-24 08:49:22.992 - Enterprise Move - 42
2019-07-24 08:49:23.030 - Showing Object Movement
2019-07-24 08:49:23.044 - ShowObjectMovement Action A with 9 @ (3,7)
2019-07-24 08:49:23.057 - Timer done 42 step=1
2019-07-24 08:49:23.221 - Entering Timer - 43
2019-07-24 08:49:23.238 - Enterprise Move - 43
2019-07-24 08:49:23.258 - Showing Object Movement
2019-07-24 08:49:23.271 - ShowObjectMovement Action A with 9 @ (3,7)
2019-07-24 08:49:23.284 - Timer done 43 step=1
2019-07-24 08:49:23.446 - Entering Timer - 44
2019-07-24 08:49:23.461 - Enterprise Move - 44
2019-07-24 08:49:23.473 - Showing Object Movement
2019-07-24 08:49:23.486 - ShowObjectMovement Action R with 9 @ (3,7)
2019-07-24 08:49:23.497 - Timer done 44 step=1
2019-07-24 08:49:23.662 - Entering Timer - 45
2019-07-24 08:49:23.677 - Enterprise Move - 45
2019-07-24 08:49:23.691 - Showing Object Movement
2019-07-24 08:49:23.705 - ShowObjectMovement Action CChekov yells, 'Direct hit, Kiptan!' with 2 @ (2,8)
2019-07-24 08:49:23.716 - ComsChatter ==> Chekov yells, 'Direct hit, Kiptan!'
2019-07-24 08:49:23.738 - Timer done 45 step=1
2019-07-24 08:49:23.901 - Entering Timer - 46
2019-07-24 08:49:23.913 - Enterprise Move - 46
2019-07-24 08:49:23.929 - Showing Object Movement
2019-07-24 08:49:23.942 - ShowObjectMovement Action D with 2 @ (2,8)
2019-07-24 08:49:23.955 - ComsChatter ==> Klingon destroyed!
2019-07-24 08:49:23.977 - gameObjects.removeStartObjectAt 2,8 type=2
2019-07-24 08:49:23.994 - Timer done 46 step=2
2019-07-24 08:49:24.178 - Entering Timer - 47
2019-07-24 08:49:24.193 - Post Enterprise Move - Taking Fire47
2019-07-24 08:49:24.207 - ObjectMovement.add Type=-2 Action=F47 point hit from Klingon at (7,5) @ 6,4
2019-07-24 08:49:24.220 - ObjectMovement.add Type=-2 Action=F @ 6,4
2019-07-24 08:49:24.235 - ObjectMovement.add Type=-2 Action=F @ 6,4
2019-07-24 08:49:24.254 - ObjectMovement.add Type=2 Action=F @ 6,4
2019-07-24 08:49:24.287 - Enemy hit =47
2019-07-24 08:49:24.304 - Shield power =88
2019-07-24 08:49:24.321 -     Adjusted hit =6
2019-07-24 08:49:24.335 - ObjectMovement.add Type=0 Action=CDamage Control takes 2 damage. @ -1,-1
2019-07-24 08:49:24.349 - Timer done 47 step=3
2019-07-24 08:49:24.527 - Entering Timer - 48
2019-07-24 08:49:24.544 - Enemy Move 48
2019-07-24 08:49:24.558 - Showing Object Movement
2019-07-24 08:49:24.573 - ShowObjectMovement Action F47 point hit from Klingon at (7,5) with -2 @ (6,4)
2019-07-24 08:49:24.587 - ComsChatter ==> 47 point hit from Klingon at (7,5)
2019-07-24 08:49:24.612 - Timer done 48 step=3
2019-07-24 08:49:24.793 - Entering Timer - 49
2019-07-24 08:49:24.808 - Enemy Move 49
2019-07-24 08:49:24.826 - Showing Object Movement
2019-07-24 08:49:24.841 - ShowObjectMovement Action F with -2 @ (6,4)
2019-07-24 08:49:24.859 - Timer done 49 step=3
2019-07-24 08:49:25.039 - Entering Timer - 50
2019-07-24 08:49:25.055 - Enemy Move 50
2019-07-24 08:49:25.070 - Showing Object Movement
2019-07-24 08:49:25.085 - ShowObjectMovement Action F with -2 @ (6,4)
2019-07-24 08:49:25.103 - Timer done 50 step=3
2019-07-24 08:49:25.288 - Entering Timer - 51
2019-07-24 08:49:25.309 - Enemy Move 51
2019-07-24 08:49:25.331 - Showing Object Movement
2019-07-24 08:49:25.353 - ShowObjectMovement Action F with 2 @ (6,4)
2019-07-24 08:49:25.368 - Timer done 51 step=3
2019-07-24 08:49:25.531 - Entering Timer - 52
2019-07-24 08:49:25.576 - Enemy Move 52
2019-07-24 08:49:25.596 - Showing Object Movement
2019-07-24 08:49:25.614 - ShowObjectMovement Action CDamage Control takes 2 damage. with 0 @ (-1,-1)
2019-07-24 08:49:25.630 - ComsChatter ==> Damage Control takes 2 damage.
2019-07-24 08:49:25.660 - Timer done 52 step=3
2019-07-24 08:49:25.835 - Entering Timer - 53
2019-07-24 08:49:25.857 - Enemy Move 53
2019-07-24 08:49:25.869 - Showing Object Movement
2019-07-24 08:49:25.882 - Timer done 53 step=4
2019-07-24 08:49:26.057 - Entering Timer - 54
2019-07-24 08:49:26.072 - Animation complete 54
2019-07-24 08:49:26.089 - SetCondition - starDate=3421.3  energy=100
2019-07-24 08:49:26.100 - Alert Level = 3
2019-07-24 08:49:26.113 - Set buttons
2019-07-24 08:49:26.139 - Docked
2019-07-24 08:49:26.224 - Starbases
2019-07-24 08:49:26.242 - In StarBase
2019-07-24 08:49:26.310 - Exit Starbases
2019-07-24 08:49:26.339 - DC
2019-07-24 08:49:26.380 - LRS
2019-07-24 08:49:26.394 - SetLRS for 2,4
2019-07-24 08:49:26.422 - Exiting setcondition
2019-07-24 08:49:26.444 - Endgame check
2019-07-24 08:49:26.474 - Timer done 54 step=5
2019-07-24 08:49:27.479 - PHAS pressed
2019-07-24 08:49:27.507 - In Phasers
2019-07-24 08:49:29.434 - ComsChatter ==> Klingon at (7,5) was hit and is down to 21% power
2019-07-24 08:49:29.527 - SetCondition - starDate=3421.35  energy=90
2019-07-24 08:49:29.553 - Alert Level = 3
2019-07-24 08:49:29.583 - Set buttons
2019-07-24 08:49:29.619 - Docked
2019-07-24 08:49:29.639 - Starbases
2019-07-24 08:49:29.657 - In StarBase
2019-07-24 08:49:29.671 - Exit Starbases
2019-07-24 08:49:29.687 - DC
2019-07-24 08:49:29.701 - LRS
2019-07-24 08:49:29.714 - SetLRS for 2,4
2019-07-24 08:49:29.726 - Exiting setcondition
2019-07-24 08:49:29.738 - Endgame check
2019-07-24 08:49:29.750 - Updating Status
2019-07-24 08:49:29.764 - lblStarDate=3421.4 (20.7)
2019-07-24 08:49:29.777 - lblEnergy=90.0%
2019-07-24 08:49:29.800 - lblKlingons=46
2019-07-24 08:49:29.901 - Entering Timer - 55
2019-07-24 08:49:29.917 - Enterprise Move - 55
2019-07-24 08:49:29.931 - Showing Object Movement
2019-07-24 08:49:29.943 - Timer done 55 step=2
2019-07-24 08:49:30.107 - Entering Timer - 56
2019-07-24 08:49:30.121 - Post Enterprise Move - Taking Fire56
2019-07-24 08:49:30.131 - ObjectMovement.add Type=-2 Action=F12 point hit from Klingon at (7,5) @ 6,4
2019-07-24 08:49:30.144 - ObjectMovement.add Type=-2 Action=F @ 6,4
2019-07-24 08:49:30.156 - ObjectMovement.add Type=-2 Action=F @ 6,4
2019-07-24 08:49:30.166 - ObjectMovement.add Type=2 Action=F @ 6,4
2019-07-24 08:49:30.180 - Enemy hit =12
2019-07-24 08:49:30.191 - Shield power =82
2019-07-24 08:49:30.203 -     Adjusted hit =2
2019-07-24 08:49:30.221 - ObjectMovement.add Type=0 Action=CDamage Control takes 1 damage. @ -1,-1
2019-07-24 08:49:30.238 - Timer done 56 step=3
2019-07-24 08:49:30.415 - Entering Timer - 57
2019-07-24 08:49:30.436 - Enemy Move 57
2019-07-24 08:49:30.452 - Showing Object Movement
2019-07-24 08:49:30.468 - ShowObjectMovement Action F12 point hit from Klingon at (7,5) with -2 @ (6,4)
2019-07-24 08:49:30.489 - ComsChatter ==> 12 point hit from Klingon at (7,5)
2019-07-24 08:49:30.512 - Timer done 57 step=3
2019-07-24 08:49:30.696 - Entering Timer - 58
2019-07-24 08:49:30.723 - Enemy Move 58
2019-07-24 08:49:30.744 - Showing Object Movement
2019-07-24 08:49:30.762 - ShowObjectMovement Action F with -2 @ (6,4)
2019-07-24 08:49:30.776 - Timer done 58 step=3
2019-07-24 08:49:30.944 - Entering Timer - 59
2019-07-24 08:49:30.961 - Enemy Move 59
2019-07-24 08:49:30.978 - Showing Object Movement
2019-07-24 08:49:30.993 - ShowObjectMovement Action F with -2 @ (6,4)
2019-07-24 08:49:31.014 - Timer done 59 step=3
2019-07-24 08:49:31.184 - Entering Timer - 60
2019-07-24 08:49:31.200 - Enemy Move 60
2019-07-24 08:49:31.215 - Showing Object Movement
2019-07-24 08:49:31.233 - ShowObjectMovement Action F with 2 @ (6,4)
2019-07-24 08:49:31.245 - Timer done 60 step=3
2019-07-24 08:49:31.414 - Entering Timer - 61
2019-07-24 08:49:31.433 - Enemy Move 61
2019-07-24 08:49:31.447 - Showing Object Movement
2019-07-24 08:49:31.466 - ShowObjectMovement Action CDamage Control takes 1 damage. with 0 @ (-1,-1)
2019-07-24 08:49:31.489 - ComsChatter ==> Damage Control takes 1 damage.
2019-07-24 08:49:31.567 - Timer done 61 step=3
2019-07-24 08:49:31.740 - Entering Timer - 62
2019-07-24 08:49:31.760 - Enemy Move 62
2019-07-24 08:49:31.776 - Showing Object Movement
2019-07-24 08:49:31.786 - Timer done 62 step=4
2019-07-24 08:49:31.959 - Entering Timer - 63
2019-07-24 08:49:31.973 - Animation complete 63
2019-07-24 08:49:31.990 - SetCondition - starDate=3421.35  energy=90
2019-07-24 08:49:32.003 - Alert Level = 3
2019-07-24 08:49:32.017 - Set buttons
2019-07-24 08:49:32.043 - Docked
2019-07-24 08:49:32.121 - Starbases
2019-07-24 08:49:32.160 - In StarBase
2019-07-24 08:49:32.235 - Exit Starbases
2019-07-24 08:49:32.266 - DC
2019-07-24 08:49:32.283 - LRS
2019-07-24 08:49:32.299 - SetLRS for 2,4
2019-07-24 08:49:32.318 - Exiting setcondition
2019-07-24 08:49:32.344 - Endgame check
2019-07-24 08:49:32.359 - Timer done 63 step=5
2019-07-24 08:49:32.830 - PHAS pressed
2019-07-24 08:49:32.864 - In Phasers
2019-07-24 08:49:34.161 - ComsChatter ==> Klingon at (7,5) was destroyed!
2019-07-24 08:49:34.268 - gameObjects.removeStartObjectAt 6,4 type=2
2019-07-24 08:49:34.286 - SetCondition - starDate=3421.4  energy=80
2019-07-24 08:49:34.309 - Alert Level = 2
2019-07-24 08:49:34.338 - Set buttons
2019-07-24 08:49:34.368 - Docked
2019-07-24 08:49:34.386 - Starbases
2019-07-24 08:49:34.404 - In StarBase
2019-07-24 08:49:34.418 - Exit Starbases
2019-07-24 08:49:34.435 - DC
2019-07-24 08:49:34.447 - LRS
2019-07-24 08:49:34.464 - SetLRS for 2,4
2019-07-24 08:49:34.477 - Exiting setcondition
2019-07-24 08:49:34.492 - Endgame check
2019-07-24 08:49:34.507 - Updating Status
2019-07-24 08:49:34.525 - lblStarDate=3421.4 (20.6)
2019-07-24 08:49:34.546 - lblEnergy=80.0%
2019-07-24 08:49:34.569 - lblKlingons=45
2019-07-24 08:49:34.666 - Entering Timer - 64
2019-07-24 08:49:34.688 - Enterprise Move - 64
2019-07-24 08:49:34.714 - Showing Object Movement
2019-07-24 08:49:34.726 - Timer done 64 step=2
2019-07-24 08:49:34.913 - Entering Timer - 65
2019-07-24 08:49:34.928 - Post Enterprise Move - Taking Fire65
2019-07-24 08:49:34.940 - Timer done 65 step=3
2019-07-24 08:49:35.116 - Entering Timer - 66
2019-07-24 08:49:35.129 - Enemy Move 66
2019-07-24 08:49:35.148 - Showing Object Movement
2019-07-24 08:49:35.158 - Timer done 66 step=4
2019-07-24 08:49:35.323 - Entering Timer - 67
2019-07-24 08:49:35.343 - Animation complete 67
2019-07-24 08:49:35.360 - SetCondition - starDate=3421.4  energy=80
2019-07-24 08:49:35.372 - Alert Level = 2
2019-07-24 08:49:35.387 - Set buttons
2019-07-24 08:49:35.421 - Docked
2019-07-24 08:49:35.479 - Starbases
2019-07-24 08:49:35.524 - In StarBase
2019-07-24 08:49:35.574 - Exit Starbases
2019-07-24 08:49:35.619 - DC
2019-07-24 08:49:35.669 - LRS
2019-07-24 08:49:35.683 - SetLRS for 2,4
2019-07-24 08:49:35.699 - Exiting setcondition
2019-07-24 08:49:35.709 - Endgame check
2019-07-24 08:49:35.721 - Timer done 67 step=5
2019-07-24 08:49:36.993 - WARP pressed
2019-07-24 08:49:37.011 - In Warp
2019-07-24 08:49:40.348 - Power pressed
2019-07-24 08:49:42.795 - Entering Timer - 68
2019-07-24 08:49:42.833 - Animation complete 68
2019-07-24 08:49:42.850 - SetCondition - starDate=3421.4  energy=69
2019-07-24 08:49:42.870 - Alert Level = 2
2019-07-24 08:49:42.891 - Set buttons
2019-07-24 08:49:42.926 - Docked
2019-07-24 08:49:43.056 - Starbases
2019-07-24 08:49:43.112 - In StarBase
2019-07-24 08:49:43.177 - Exit Starbases
2019-07-24 08:49:43.198 - DC
2019-07-24 08:49:43.237 - LRS
2019-07-24 08:49:43.287 - SetLRS for 2,4
2019-07-24 08:49:43.335 - Exiting setcondition
2019-07-24 08:49:43.355 - Endgame check
2019-07-24 08:49:43.371 - Timer done 68 step=5
2019-07-24 08:49:44.015 - WARP pressed
2019-07-24 08:49:44.034 - In Warp
2019-07-24 08:49:45.599 - Track length=48
2019-07-24 08:49:45.649 - Warp Track 0 - 2,5
2019-07-24 08:49:45.663 - ComsChatter ==> Now in sector 2,5
2019-07-24 08:49:45.695 - Execute SRS
2019-07-24 08:49:45.716 - Clear array
2019-07-24 08:49:45.737 - Place Enterprise
2019-07-24 08:49:45.771 - Placing at 7,7
2019-07-24 08:49:45.788 - Add asteroids
2019-07-24 08:49:45.810 - Placing at 2,3
2019-07-24 08:49:45.823 - Adding Starbase
2019-07-24 08:49:45.841 - Adding Klingons
2019-07-24 08:49:45.853 - Placing at 5,3
2019-07-24 08:49:45.867 - Placing at 1,8
2019-07-24 08:49:45.879 - Exiting SRS
2019-07-24 08:49:45.894 - SetCondition - starDate=3421.5  energy=74
2019-07-24 08:49:45.908 - Alert Level = 3
2019-07-24 08:49:45.918 - Set buttons
2019-07-24 08:49:45.932 - Docked
2019-07-24 08:49:45.949 - Starbases
2019-07-24 08:49:45.962 - In StarBase
2019-07-24 08:49:45.988 - Exit Starbases
2019-07-24 08:49:46.007 - DC
2019-07-24 08:49:46.024 - LRS
2019-07-24 08:49:46.037 - SetLRS for 2,5
2019-07-24 08:49:46.052 - Exiting setcondition
2019-07-24 08:49:46.066 - Endgame check
2019-07-24 08:49:46.082 - Updating Status
2019-07-24 08:49:46.092 - lblStarDate=3421.5 (20.5)
2019-07-24 08:49:46.102 - lblEnergy=74.0%
2019-07-24 08:49:46.114 - lblKlingons=45
2019-07-24 08:49:46.231 - Entering Timer - 69
2019-07-24 08:49:46.282 - Enterprise Move - 69
2019-07-24 08:49:46.294 - Showing Object Movement
2019-07-24 08:49:46.309 - Timer done 69 step=2
2019-07-24 08:49:46.482 - Entering Timer - 70
2019-07-24 08:49:46.505 - Post Enterprise Move - Taking Fire70
2019-07-24 08:49:46.520 - ObjectMovement.add Type=-2 Action=F43 point hit from Klingon at (6,4) @ 5,3
2019-07-24 08:49:46.532 - ObjectMovement.add Type=-2 Action=F @ 5,3
2019-07-24 08:49:46.541 - ObjectMovement.add Type=-2 Action=F @ 5,3
2019-07-24 08:49:46.551 - ObjectMovement.add Type=2 Action=F @ 5,3
2019-07-24 08:49:46.564 - Enemy hit =43
2019-07-24 08:49:46.575 - Shield power =100
2019-07-24 08:49:46.584 -     Adjusted hit =1
2019-07-24 08:49:46.594 - ObjectMovement.add Type=-2 Action=F38 point hit from Klingon at (2,9) @ 1,8
2019-07-24 08:49:46.610 - ObjectMovement.add Type=-2 Action=F @ 1,8
2019-07-24 08:49:46.626 - ObjectMovement.add Type=-2 Action=F @ 1,8
2019-07-24 08:49:46.642 - ObjectMovement.add Type=2 Action=F @ 1,8
2019-07-24 08:49:46.652 - Enemy hit =38
2019-07-24 08:49:46.666 - Shield power =99
2019-07-24 08:49:46.679 -     Adjusted hit =1
2019-07-24 08:49:46.689 - ObjectMovement.add Type=0 Action=CDamage Control takes 1 damage. @ -1,-1
2019-07-24 08:49:46.699 - Timer done 70 step=3
2019-07-24 08:49:46.871 - Entering Timer - 71
2019-07-24 08:49:46.881 - Enemy Move 71
2019-07-24 08:49:46.892 - Showing Object Movement
2019-07-24 08:49:46.901 - ShowObjectMovement Action F43 point hit from Klingon at (6,4) with -2 @ (5,3)
2019-07-24 08:49:46.912 - ComsChatter ==> 43 point hit from Klingon at (6,4)
2019-07-24 08:49:46.932 - Timer done 71 step=3
2019-07-24 08:49:47.107 - Entering Timer - 72
2019-07-24 08:49:47.122 - Enemy Move 72
2019-07-24 08:49:47.139 - Showing Object Movement
2019-07-24 08:49:47.157 - ShowObjectMovement Action F with -2 @ (5,3)
2019-07-24 08:49:47.182 - Timer done 72 step=3
2019-07-24 08:49:47.362 - Entering Timer - 73
2019-07-24 08:49:47.383 - Enemy Move 73
2019-07-24 08:49:47.399 - Showing Object Movement
2019-07-24 08:49:47.413 - ShowObjectMovement Action F with -2 @ (5,3)
2019-07-24 08:49:47.429 - Timer done 73 step=3
2019-07-24 08:49:47.604 - Entering Timer - 74
2019-07-24 08:49:47.620 - Enemy Move 74
2019-07-24 08:49:47.639 - Showing Object Movement
2019-07-24 08:49:47.655 - ShowObjectMovement Action F with 2 @ (5,3)
2019-07-24 08:49:47.705 - Timer done 74 step=3
2019-07-24 08:49:47.881 - Entering Timer - 75
2019-07-24 08:49:47.900 - Enemy Move 75
2019-07-24 08:49:47.922 - Showing Object Movement
2019-07-24 08:49:47.940 - ShowObjectMovement Action F38 point hit from Klingon at (2,9) with -2 @ (1,8)
2019-07-24 08:49:47.985 - ComsChatter ==> 38 point hit from Klingon at (2,9)
2019-07-24 08:49:48.019 - Timer done 75 step=3
2019-07-24 08:49:48.244 - Entering Timer - 76
2019-07-24 08:49:48.291 - Enemy Move 76
2019-07-24 08:49:48.306 - Showing Object Movement
2019-07-24 08:49:48.328 - ShowObjectMovement Action F with -2 @ (1,8)
2019-07-24 08:49:48.351 - Timer done 76 step=3
2019-07-24 08:49:48.526 - Entering Timer - 77
2019-07-24 08:49:48.549 - Enemy Move 77
2019-07-24 08:49:48.579 - Showing Object Movement
2019-07-24 08:49:48.599 - ShowObjectMovement Action F with -2 @ (1,8)
2019-07-24 08:49:48.616 - Timer done 77 step=3
2019-07-24 08:49:48.783 - Entering Timer - 78
2019-07-24 08:49:48.824 - Enemy Move 78
2019-07-24 08:49:48.842 - Showing Object Movement
2019-07-24 08:49:48.860 - ShowObjectMovement Action F with 2 @ (1,8)
2019-07-24 08:49:48.879 - Timer done 78 step=3
2019-07-24 08:49:49.054 - Entering Timer - 79
2019-07-24 08:49:49.072 - Enemy Move 79
2019-07-24 08:49:49.088 - Showing Object Movement
2019-07-24 08:49:49.105 - ShowObjectMovement Action CDamage Control takes 1 damage. with 0 @ (-1,-1)
2019-07-24 08:49:49.118 - ComsChatter ==> Damage Control takes 1 damage.
2019-07-24 08:49:49.145 - Timer done 79 step=3
2019-07-24 08:49:49.321 - Entering Timer - 80
2019-07-24 08:49:49.350 - Enemy Move 80
2019-07-24 08:49:49.373 - Showing Object Movement
2019-07-24 08:49:49.396 - Timer done 80 step=4
2019-07-24 08:49:49.571 - Entering Timer - 81
2019-07-24 08:49:49.614 - Animation complete 81
2019-07-24 08:49:49.628 - SetCondition - starDate=3421.5  energy=74
2019-07-24 08:49:49.641 - Alert Level = 3
2019-07-24 08:49:49.660 - Set buttons
2019-07-24 08:49:49.707 - Docked
2019-07-24 08:49:49.741 - ----------> Updating StatuslblStarDate=3421.5 (20.5)
2019-07-24 08:49:49.783 - ----------> StarbasesIn StarBase
2019-07-24 08:49:49.814 - Exit Starbases
2019-07-24 08:49:49.862 - DC
2019-07-24 08:49:49.901 - LRS
2019-07-24 08:49:49.925 - SetLRS for 2,5
2019-07-24 08:49:49.948 - Exiting setcondition
2019-07-24 08:49:49.984 - Endgame check
2019-07-24 08:49:50.004 - Timer done 81 step=5
2019-07-24 08:49:56.080 - TORP pressed
2019-07-24 08:49:56.098 - In Torpedoes
2019-07-24 08:50:01.142 - ObjectMovement.add Type=9 Action=A @ 7,6
2019-07-24 08:50:01.224 - ObjectMovement.add Type=9 Action=R @ 7,6
2019-07-24 08:50:01.271 - ObjectMovement.add Type=9 Action=A @ 6,5
2019-07-24 08:50:01.292 - ObjectMovement.add Type=9 Action=R @ 6,5
2019-07-24 08:50:01.333 - ObjectMovement.add Type=9 Action=A @ 6,4
2019-07-24 08:50:01.374 - ObjectMovement.add Type=9 Action=R @ 6,4
2019-07-24 08:50:01.396 - ObjectMovement.add Type=2 Action=CChekov yells, 'Direct hit, Kiptan!' @ 5,3
2019-07-24 08:50:01.426 - ObjectMovement.add Type=2 Action=D @ 5,3
2019-07-24 08:50:01.445 - SetCondition - starDate=3421.6  energy=74
2019-07-24 08:50:01.461 - Alert Level = 3
2019-07-24 08:50:01.479 - Set buttons
2019-07-24 08:50:01.495 - Docked
2019-07-24 08:50:01.512 - Starbases
2019-07-24 08:50:01.525 - In StarBase
2019-07-24 08:50:01.538 - Exit Starbases
2019-07-24 08:50:01.550 - DC
2019-07-24 08:50:01.564 - LRS
2019-07-24 08:50:01.575 - SetLRS for 2,5
2019-07-24 08:50:01.588 - Exiting setcondition
2019-07-24 08:50:01.603 - Endgame check
2019-07-24 08:50:01.619 - Updating Status
2019-07-24 08:50:01.640 - lblStarDate=3421.6 (20.4)
2019-07-24 08:50:01.660 - lblEnergy=74.0%
2019-07-24 08:50:01.684 - lblKlingons=45
2019-07-24 08:50:01.781 - Entering Timer - 82
2019-07-24 08:50:01.795 - Enterprise Move - 82
2019-07-24 08:50:01.810 - Showing Object Movement
2019-07-24 08:50:01.831 - ShowObjectMovement Action A with 9 @ (7,6)
2019-07-24 08:50:01.856 - Timer done 82 step=1
2019-07-24 08:50:02.039 - Entering Timer - 83
2019-07-24 08:50:02.067 - Enterprise Move - 83
2019-07-24 08:50:02.090 - Showing Object Movement
2019-07-24 08:50:02.105 - ShowObjectMovement Action A with 9 @ (7,6)
2019-07-24 08:50:02.120 - Timer done 83 step=1
2019-07-24 08:50:02.288 - Entering Timer - 84
2019-07-24 08:50:02.326 - Enterprise Move - 84
2019-07-24 08:50:02.342 - Showing Object Movement
2019-07-24 08:50:02.360 - ShowObjectMovement Action R with 9 @ (7,6)
2019-07-24 08:50:02.374 - Timer done 84 step=1
2019-07-24 08:50:02.554 - Entering Timer - 85
2019-07-24 08:50:02.570 - Enterprise Move - 85
2019-07-24 08:50:02.590 - Showing Object Movement
2019-07-24 08:50:02.602 - ShowObjectMovement Action A with 9 @ (6,5)
2019-07-24 08:50:02.618 - Timer done 85 step=1
2019-07-24 08:50:02.789 - Entering Timer - 86
2019-07-24 08:50:02.806 - Enterprise Move - 86
2019-07-24 08:50:02.822 - Showing Object Movement
2019-07-24 08:50:02.838 - ShowObjectMovement Action A with 9 @ (6,5)
2019-07-24 08:50:02.852 - Timer done 86 step=1
2019-07-24 08:50:03.023 - Entering Timer - 87
2019-07-24 08:50:03.039 - Enterprise Move - 87
2019-07-24 08:50:03.053 - Showing Object Movement
2019-07-24 08:50:03.069 - ShowObjectMovement Action R with 9 @ (6,5)
2019-07-24 08:50:03.091 - Timer done 87 step=1
2019-07-24 08:50:03.274 - Entering Timer - 88
2019-07-24 08:50:03.295 - Enterprise Move - 88
2019-07-24 08:50:03.317 - Showing Object Movement
2019-07-24 08:50:03.351 - ShowObjectMovement Action A with 9 @ (6,4)
2019-07-24 08:50:03.379 - Timer done 88 step=1
2019-07-24 08:50:03.557 - Entering Timer - 89
2019-07-24 08:50:03.585 - Enterprise Move - 89
2019-07-24 08:50:03.600 - Showing Object Movement
2019-07-24 08:50:03.617 - ShowObjectMovement Action A with 9 @ (6,4)
2019-07-24 08:50:03.635 - Timer done 89 step=1
2019-07-24 08:50:03.803 - Entering Timer - 90
2019-07-24 08:50:03.823 - Enterprise Move - 90
2019-07-24 08:50:03.836 - Showing Object Movement
2019-07-24 08:50:03.857 - ShowObjectMovement Action R with 9 @ (6,4)
2019-07-24 08:50:03.874 - Timer done 90 step=1
2019-07-24 08:50:04.046 - Entering Timer - 91
2019-07-24 08:50:04.062 - Enterprise Move - 91
2019-07-24 08:50:04.079 - Showing Object Movement
2019-07-24 08:50:04.097 - ShowObjectMovement Action CChekov yells, 'Direct hit, Kiptan!' with 2 @ (5,3)
2019-07-24 08:50:04.115 - ComsChatter ==> Chekov yells, 'Direct hit, Kiptan!'
2019-07-24 08:50:04.145 - Timer done 91 step=1
2019-07-24 08:50:04.321 - Entering Timer - 92
2019-07-24 08:50:04.338 - Enterprise Move - 92
2019-07-24 08:50:04.350 - Showing Object Movement
2019-07-24 08:50:04.364 - ShowObjectMovement Action D with 2 @ (5,3)
2019-07-24 08:50:04.381 - ComsChatter ==> Klingon destroyed!
2019-07-24 08:50:04.412 - gameObjects.removeStartObjectAt 5,3 type=2
2019-07-24 08:50:04.464 - Timer done 92 step=2
2019-07-24 08:50:04.639 - Entering Timer - 93
2019-07-24 08:50:04.655 - Post Enterprise Move - Taking Fire93
2019-07-24 08:50:04.669 - ObjectMovement.add Type=-2 Action=F38 point hit from Klingon at (2,9) @ 1,8
2019-07-24 08:50:04.686 - ObjectMovement.add Type=-2 Action=F @ 1,8
2019-07-24 08:50:04.726 - ObjectMovement.add Type=-2 Action=F @ 1,8
2019-07-24 08:50:04.740 - ObjectMovement.add Type=2 Action=F @ 1,8
2019-07-24 08:50:04.753 - Enemy hit =38
2019-07-24 08:50:04.769 - Shield power =98
2019-07-24 08:50:04.783 -     Adjusted hit =1
2019-07-24 08:50:04.794 - ObjectMovement.add Type=0 Action=CTorpedoes takes 3 damage. @ -1,-1
2019-07-24 08:50:04.811 - Timer done 93 step=3
2019-07-24 08:50:04.978 - Entering Timer - 94
2019-07-24 08:50:04.994 - Enemy Move 94
2019-07-24 08:50:05.006 - Showing Object Movement
2019-07-24 08:50:05.022 - ShowObjectMovement Action F38 point hit from Klingon at (2,9) with -2 @ (1,8)
2019-07-24 08:50:05.035 - ComsChatter ==> 38 point hit from Klingon at (2,9)
2019-07-24 08:50:05.067 - Timer done 94 step=3
2019-07-24 08:50:05.271 - Entering Timer - 95
2019-07-24 08:50:05.290 - Enemy Move 95
2019-07-24 08:50:05.306 - Showing Object Movement
2019-07-24 08:50:05.319 - ShowObjectMovement Action F with -2 @ (1,8)
2019-07-24 08:50:05.333 - Timer done 95 step=3
2019-07-24 08:50:05.509 - Entering Timer - 96
2019-07-24 08:50:05.527 - Enemy Move 96
2019-07-24 08:50:05.540 - Showing Object Movement
2019-07-24 08:50:05.557 - ShowObjectMovement Action F with -2 @ (1,8)
2019-07-24 08:50:05.571 - Timer done 96 step=3
2019-07-24 08:50:05.742 - Entering Timer - 97
2019-07-24 08:50:05.758 - Enemy Move 97
2019-07-24 08:50:05.773 - Showing Object Movement
2019-07-24 08:50:05.791 - ShowObjectMovement Action F with 2 @ (1,8)
2019-07-24 08:50:05.806 - Timer done 97 step=3
2019-07-24 08:50:05.979 - Entering Timer - 98
2019-07-24 08:50:05.995 - Enemy Move 98
2019-07-24 08:50:06.009 - Showing Object Movement
2019-07-24 08:50:06.028 - ShowObjectMovement Action CTorpedoes takes 3 damage. with 0 @ (-1,-1)
2019-07-24 08:50:06.043 - ComsChatter ==> Torpedoes takes 3 damage.
2019-07-24 08:50:06.071 - Timer done 98 step=3
2019-07-24 08:50:06.243 - Entering Timer - 99
2019-07-24 08:50:06.263 - Enemy Move 99
2019-07-24 08:50:06.278 - Showing Object Movement
2019-07-24 08:50:06.296 - Timer done 99 step=4
2019-07-24 08:50:06.464 - Entering Timer - 100
2019-07-24 08:50:06.483 - Animation complete 100
2019-07-24 08:50:06.506 - SetCondition - starDate=3421.6  energy=74
2019-07-24 08:50:06.526 - Alert Level = 3
2019-07-24 08:50:06.546 - Set buttons
2019-07-24 08:50:06.599 - Docked
2019-07-24 08:50:06.611 - Starbases
2019-07-24 08:50:06.660 - In StarBase
2019-07-24 08:50:06.693 - Exit Starbases
2019-07-24 08:50:06.743 - DC
2019-07-24 08:50:06.818 - LRS
2019-07-24 08:50:06.856 - ----------> lblKlingons=44SetLRS for 2,5
2019-07-24 08:50:06.883 - Exiting setcondition
2019-07-24 08:50:06.903 - Endgame check
2019-07-24 08:50:06.917 - Timer done 100 step=5
2019-07-24 08:50:07.511 - TORP pressed
2019-07-24 08:50:07.522 - In Torpedoes
2019-07-24 08:50:09.621 - ObjectMovement.add Type=9 Action=A @ 6,7
2019-07-24 08:50:09.679 - ObjectMovement.add Type=9 Action=R @ 6,7
2019-07-24 08:50:09.707 - ObjectMovement.add Type=9 Action=A @ 5,7
2019-07-24 08:50:09.743 - ObjectMovement.add Type=9 Action=R @ 5,7
2019-07-24 08:50:09.774 - ObjectMovement.add Type=9 Action=A @ 4,7
2019-07-24 08:50:09.799 - ObjectMovement.add Type=9 Action=R @ 4,7
2019-07-24 08:50:09.823 - ObjectMovement.add Type=9 Action=A @ 3,8
2019-07-24 08:50:09.840 - ObjectMovement.add Type=9 Action=R @ 3,8
2019-07-24 08:50:09.860 - ObjectMovement.add Type=9 Action=A @ 2,8
2019-07-24 08:50:09.881 - ObjectMovement.add Type=9 Action=R @ 2,8
2019-07-24 08:50:09.899 - ObjectMovement.add Type=2 Action=CChekov yells, 'Direct hit, Kiptan!' @ 1,8
2019-07-24 08:50:09.921 - ObjectMovement.add Type=2 Action=D @ 1,8
2019-07-24 08:50:09.951 - SetCondition - starDate=3421.7  energy=74
2019-07-24 08:50:09.971 - Alert Level = 3
2019-07-24 08:50:09.983 - Set buttons
2019-07-24 08:50:10.005 - Docked
2019-07-24 08:50:10.026 - Starbases
2019-07-24 08:50:10.037 - In StarBase
2019-07-24 08:50:10.050 - Exit Starbases
2019-07-24 08:50:10.061 - DC
2019-07-24 08:50:10.073 - LRS
2019-07-24 08:50:10.084 - SetLRS for 2,5
2019-07-24 08:50:10.096 - Exiting setcondition
2019-07-24 08:50:10.109 - Endgame check
2019-07-24 08:50:10.121 - Updating Status
2019-07-24 08:50:10.137 - lblStarDate=3421.7 (20.3)
2019-07-24 08:50:10.148 - lblEnergy=74.0%
2019-07-24 08:50:10.169 - lblKlingons=44
2019-07-24 08:50:10.272 - Entering Timer - 101
2019-07-24 08:50:10.292 - Enterprise Move - 101
2019-07-24 08:50:10.306 - Showing Object Movement
2019-07-24 08:50:10.318 - ShowObjectMovement Action A with 9 @ (6,7)
2019-07-24 08:50:10.333 - Timer done 101 step=1
2019-07-24 08:50:10.506 - Entering Timer - 102
2019-07-24 08:50:10.521 - Enterprise Move - 102
2019-07-24 08:50:10.534 - Showing Object Movement
2019-07-24 08:50:10.548 - ShowObjectMovement Action A with 9 @ (6,7)
2019-07-24 08:50:10.567 - Timer done 102 step=1
2019-07-24 08:50:10.742 - Entering Timer - 103
2019-07-24 08:50:10.754 - Enterprise Move - 103
2019-07-24 08:50:10.777 - Showing Object Movement
2019-07-24 08:50:10.799 - ShowObjectMovement Action R with 9 @ (6,7)
2019-07-24 08:50:10.813 - Timer done 103 step=1
2019-07-24 08:50:11.023 - Entering Timer - 104
2019-07-24 08:50:11.039 - Enterprise Move - 104
2019-07-24 08:50:11.053 - Showing Object Movement
2019-07-24 08:50:11.082 - ShowObjectMovement Action A with 9 @ (5,7)
2019-07-24 08:50:11.101 - Timer done 104 step=1
2019-07-24 08:50:11.275 - Entering Timer - 105
2019-07-24 08:50:11.293 - Enterprise Move - 105
2019-07-24 08:50:11.306 - Showing Object Movement
2019-07-24 08:50:11.317 - ShowObjectMovement Action A with 9 @ (5,7)
2019-07-24 08:50:11.333 - Timer done 105 step=1
2019-07-24 08:50:11.497 - Entering Timer - 106
2019-07-24 08:50:11.509 - Enterprise Move - 106
2019-07-24 08:50:11.529 - Showing Object Movement
2019-07-24 08:50:11.541 - ShowObjectMovement Action R with 9 @ (5,7)
2019-07-24 08:50:11.555 - Timer done 106 step=1
2019-07-24 08:50:11.726 - Entering Timer - 107
2019-07-24 08:50:11.747 - Enterprise Move - 107
2019-07-24 08:50:11.761 - Showing Object Movement
2019-07-24 08:50:11.778 - ShowObjectMovement Action A with 9 @ (4,7)
2019-07-24 08:50:11.792 - Timer done 107 step=1
2019-07-24 08:50:11.960 - Entering Timer - 108
2019-07-24 08:50:11.973 - Enterprise Move - 108
2019-07-24 08:50:11.987 - Showing Object Movement
2019-07-24 08:50:11.999 - ShowObjectMovement Action A with 9 @ (4,7)
2019-07-24 08:50:12.011 - Timer done 108 step=1
2019-07-24 08:50:12.185 - Entering Timer - 109
2019-07-24 08:50:12.204 - Enterprise Move - 109
2019-07-24 08:50:12.218 - Showing Object Movement
2019-07-24 08:50:12.230 - ShowObjectMovement Action R with 9 @ (4,7)
2019-07-24 08:50:12.247 - Timer done 109 step=1
2019-07-24 08:50:12.432 - Entering Timer - 110
2019-07-24 08:50:12.451 - Enterprise Move - 110
2019-07-24 08:50:12.465 - Showing Object Movement
2019-07-24 08:50:12.481 - ShowObjectMovement Action A with 9 @ (3,8)
2019-07-24 08:50:12.502 - Timer done 110 step=1
2019-07-24 08:50:12.680 - Entering Timer - 111
2019-07-24 08:50:12.695 - Enterprise Move - 111
2019-07-24 08:50:12.707 - Showing Object Movement
2019-07-24 08:50:12.724 - ShowObjectMovement Action A with 9 @ (3,8)
2019-07-24 08:50:12.742 - Timer done 111 step=1
2019-07-24 08:50:12.928 - Entering Timer - 112
2019-07-24 08:50:12.952 - Enterprise Move - 112
2019-07-24 08:50:12.970 - Showing Object Movement
2019-07-24 08:50:12.990 - ShowObjectMovement Action R with 9 @ (3,8)
2019-07-24 08:50:13.019 - Timer done 112 step=1
2019-07-24 08:50:13.193 - Entering Timer - 113
2019-07-24 08:50:13.216 - Enterprise Move - 113
2019-07-24 08:50:13.237 - Showing Object Movement
2019-07-24 08:50:13.259 - ShowObjectMovement Action A with 9 @ (2,8)
2019-07-24 08:50:13.298 - Timer done 113 step=1
2019-07-24 08:50:13.477 - Entering Timer - 114
2019-07-24 08:50:13.492 - Enterprise Move - 114
2019-07-24 08:50:13.506 - Showing Object Movement
2019-07-24 08:50:13.519 - ShowObjectMovement Action A with 9 @ (2,8)
2019-07-24 08:50:13.533 - Timer done 114 step=1
2019-07-24 08:50:13.698 - Entering Timer - 115
2019-07-24 08:50:13.714 - Enterprise Move - 115
2019-07-24 08:50:13.726 - Showing Object Movement
2019-07-24 08:50:13.739 - ShowObjectMovement Action R with 9 @ (2,8)
2019-07-24 08:50:13.753 - Timer done 115 step=1
2019-07-24 08:50:13.922 - Entering Timer - 116
2019-07-24 08:50:13.937 - Enterprise Move - 116
2019-07-24 08:50:13.950 - Showing Object Movement
2019-07-24 08:50:13.963 - ShowObjectMovement Action CChekov yells, 'Direct hit, Kiptan!' with 2 @ (1,8)
2019-07-24 08:50:13.976 - ComsChatter ==> Chekov yells, 'Direct hit, Kiptan!'
2019-07-24 08:50:14.049 - Timer done 116 step=1
2019-07-24 08:50:14.249 - Entering Timer - 117
2019-07-24 08:50:14.271 - Enterprise Move - 117
2019-07-24 08:50:14.295 - Showing Object Movement
2019-07-24 08:50:14.327 - ShowObjectMovement Action D with 2 @ (1,8)
2019-07-24 08:50:14.344 - ComsChatter ==> Klingon destroyed!
2019-07-24 08:50:14.379 - gameObjects.removeStartObjectAt 1,8 type=2
2019-07-24 08:50:14.395 - Timer done 117 step=2
2019-07-24 08:50:14.577 - Entering Timer - 118
2019-07-24 08:50:14.593 - Post Enterprise Move - Taking Fire118
2019-07-24 08:50:14.609 - Timer done 118 step=3
2019-07-24 08:50:14.773 - Entering Timer - 119
2019-07-24 08:50:14.788 - Enemy Move 119
2019-07-24 08:50:14.803 - Showing Object Movement
2019-07-24 08:50:14.818 - Timer done 119 step=4
2019-07-24 08:50:14.991 - Entering Timer - 120
2019-07-24 08:50:15.008 - Animation complete 120
2019-07-24 08:50:15.023 - SetCondition - starDate=3421.7  energy=74
2019-07-24 08:50:15.038 - Alert Level = 2
2019-07-24 08:50:15.052 - Set buttons
2019-07-24 08:50:15.081 - Docked
2019-07-24 08:50:15.180 - Starbases
2019-07-24 08:50:15.242 - In StarBase
2019-07-24 08:50:15.301 - Exit Starbases
2019-07-24 08:50:15.367 - DC
2019-07-24 08:50:15.391 - LRS
2019-07-24 08:50:15.416 - SetLRS for 2,5
2019-07-24 08:50:15.458 - Exiting setcondition
2019-07-24 08:50:15.486 - Endgame check
2019-07-24 08:50:15.504 - Timer done 120 step=5
2019-07-24 08:50:21.567 - WARP pressed
2019-07-24 08:50:21.585 - In Warp
2019-07-24 08:50:23.953 - Track length=48
2019-07-24 08:50:24.058 - Warp Track 0 - 2,6
2019-07-24 08:50:24.078 - ComsChatter ==> Now in sector 2,6
2019-07-24 08:50:24.112 - Execute SRS
2019-07-24 08:50:24.134 - Clear array
2019-07-24 08:50:24.164 - Place Enterprise
2019-07-24 08:50:24.195 - Placing at 5,5
2019-07-24 08:50:24.212 - Add asteroids
2019-07-24 08:50:24.225 - Placing at 1,4
2019-07-24 08:50:24.242 - Placing at 7,6
2019-07-24 08:50:24.261 - Placing at 1,6
2019-07-24 08:50:24.274 - Adding Starbase
2019-07-24 08:50:24.291 - Adding Klingons
2019-07-24 08:50:24.305 - Placing at 1,1
2019-07-24 08:50:24.317 - Placing at 5,7
2019-07-24 08:50:24.332 - Exiting SRS
2019-07-24 08:50:24.358 - SetCondition - starDate=3421.8  energy=79
2019-07-24 08:50:24.370 - Alert Level = 3
2019-07-24 08:50:24.397 - Set buttons
2019-07-24 08:50:24.419 - Docked
2019-07-24 08:50:24.436 - Starbases
2019-07-24 08:50:24.449 - In StarBase
2019-07-24 08:50:24.462 - Exit Starbases
2019-07-24 08:50:24.477 - DC
2019-07-24 08:50:24.490 - LRS
2019-07-24 08:50:24.504 - SetLRS for 2,6
2019-07-24 08:50:24.518 - Exiting setcondition
2019-07-24 08:50:24.532 - Endgame check
2019-07-24 08:50:24.545 - Updating Status
2019-07-24 08:50:24.559 - lblStarDate=3421.8 (20.2)
2019-07-24 08:50:24.576 - lblEnergy=79.0%
2019-07-24 08:50:24.587 - lblKlingons=43
2019-07-24 08:50:24.695 - Entering Timer - 121
2019-07-24 08:50:24.726 - Enterprise Move - 121
2019-07-24 08:50:24.741 - Showing Object Movement
2019-07-24 08:50:24.760 - Timer done 121 step=2
2019-07-24 08:50:24.929 - Entering Timer - 122
2019-07-24 08:50:24.941 - Post Enterprise Move - Taking Fire122
2019-07-24 08:50:24.951 - ObjectMovement.add Type=-2 Action=F40 point hit from Klingon at (2,2) @ 1,1
2019-07-24 08:50:24.962 - ObjectMovement.add Type=-2 Action=F @ 1,1
2019-07-24 08:50:24.973 - ObjectMovement.add Type=-2 Action=F @ 1,1
2019-07-24 08:50:24.991 - ObjectMovement.add Type=2 Action=F @ 1,1
2019-07-24 08:50:25.005 - Enemy hit =40
2019-07-24 08:50:25.020 - Shield power =97
2019-07-24 08:50:25.039 -     Adjusted hit =2
2019-07-24 08:50:25.051 - ObjectMovement.add Type=0 Action=CTorpedoes takes 4 damage. @ -1,-1
2019-07-24 08:50:25.066 - ObjectMovement.add Type=-2 Action=F60 point hit from Klingon at (6,8) @ 5,7
2019-07-24 08:50:25.081 - ObjectMovement.add Type=-2 Action=F @ 5,7
2019-07-24 08:50:25.094 - ObjectMovement.add Type=-2 Action=F @ 5,7
2019-07-24 08:50:25.108 - ObjectMovement.add Type=2 Action=F @ 5,7
2019-07-24 08:50:25.118 - Enemy hit =60
2019-07-24 08:50:25.131 - Shield power =95
2019-07-24 08:50:25.145 -     Adjusted hit =4
2019-07-24 08:50:25.158 - ObjectMovement.add Type=0 Action=CImpulse takes 6 damage. @ -1,-1
2019-07-24 08:50:25.168 - Timer done 122 step=3
2019-07-24 08:50:25.336 - Entering Timer - 123
2019-07-24 08:50:25.355 - Enemy Move 123
2019-07-24 08:50:25.372 - Showing Object Movement
2019-07-24 08:50:25.386 - ShowObjectMovement Action F40 point hit from Klingon at (2,2) with -2 @ (1,1)
2019-07-24 08:50:25.398 - ComsChatter ==> 40 point hit from Klingon at (2,2)
2019-07-24 08:50:25.437 - Timer done 123 step=3
2019-07-24 08:50:25.663 - Entering Timer - 124
2019-07-24 08:50:25.682 - Enemy Move 124
2019-07-24 08:50:25.698 - Showing Object Movement
2019-07-24 08:50:25.712 - ShowObjectMovement Action F with -2 @ (1,1)
2019-07-24 08:50:25.725 - Timer done 124 step=3
2019-07-24 08:50:25.886 - Entering Timer - 125
2019-07-24 08:50:25.905 - Enemy Move 125
2019-07-24 08:50:25.936 - Showing Object Movement
2019-07-24 08:50:25.952 - ShowObjectMovement Action F with -2 @ (1,1)
2019-07-24 08:50:25.964 - Timer done 125 step=3
2019-07-24 08:50:26.125 - Entering Timer - 126
2019-07-24 08:50:26.184 - Enemy Move 126
2019-07-24 08:50:26.198 - Showing Object Movement
2019-07-24 08:50:26.213 - ShowObjectMovement Action F with 2 @ (1,1)
2019-07-24 08:50:26.226 - Timer done 126 step=3
2019-07-24 08:50:26.399 - Entering Timer - 127
2019-07-24 08:50:26.415 - Enemy Move 127
2019-07-24 08:50:26.426 - Showing Object Movement
2019-07-24 08:50:26.439 - ShowObjectMovement Action CTorpedoes takes 4 damage. with 0 @ (-1,-1)
2019-07-24 08:50:26.452 - ComsChatter ==> Torpedoes takes 4 damage.
2019-07-24 08:50:26.478 - Timer done 127 step=3
2019-07-24 08:50:26.649 - Entering Timer - 128
2019-07-24 08:50:26.662 - Enemy Move 128
2019-07-24 08:50:26.676 - Showing Object Movement
2019-07-24 08:50:26.689 - ShowObjectMovement Action F60 point hit from Klingon at (6,8) with -2 @ (5,7)
2019-07-24 08:50:26.705 - ComsChatter ==> 60 point hit from Klingon at (6,8)
2019-07-24 08:50:26.741 - Timer done 128 step=3
2019-07-24 08:50:26.915 - Entering Timer - 129
2019-07-24 08:50:26.938 - Enemy Move 129
2019-07-24 08:50:26.959 - Showing Object Movement
2019-07-24 08:50:26.975 - ShowObjectMovement Action F with -2 @ (5,7)
2019-07-24 08:50:26.988 - Timer done 129 step=3
2019-07-24 08:50:27.152 - Entering Timer - 130
2019-07-24 08:50:27.186 - Enemy Move 130
2019-07-24 08:50:27.224 - Showing Object Movement
2019-07-24 08:50:27.243 - ShowObjectMovement Action F with -2 @ (5,7)
2019-07-24 08:50:27.258 - Timer done 130 step=3
2019-07-24 08:50:27.430 - Entering Timer - 131
2019-07-24 08:50:27.449 - Enemy Move 131
2019-07-24 08:50:27.464 - Showing Object Movement
2019-07-24 08:50:27.480 - ShowObjectMovement Action F with 2 @ (5,7)
2019-07-24 08:50:27.496 - Timer done 131 step=3
2019-07-24 08:50:27.663 - Entering Timer - 132
2019-07-24 08:50:27.682 - Enemy Move 132
2019-07-24 08:50:27.702 - Showing Object Movement
2019-07-24 08:50:27.723 - ShowObjectMovement Action CImpulse takes 6 damage. with 0 @ (-1,-1)
2019-07-24 08:50:27.738 - ComsChatter ==> Impulse takes 6 damage.
2019-07-24 08:50:27.770 - Timer done 132 step=3
2019-07-24 08:50:27.952 - Entering Timer - 133
2019-07-24 08:50:27.967 - Enemy Move 133
2019-07-24 08:50:27.989 - Showing Object Movement
2019-07-24 08:50:28.018 - Timer done 133 step=4
2019-07-24 08:50:28.194 - Entering Timer - 134
2019-07-24 08:50:28.209 - Animation complete 134
2019-07-24 08:50:28.222 - SetCondition - starDate=3421.8  energy=79
2019-07-24 08:50:28.246 - Alert Level = 3
2019-07-24 08:50:28.270 - Set buttons
2019-07-24 08:50:28.304 - Docked
2019-07-24 08:50:28.352 - Starbases
2019-07-24 08:50:28.403 - In StarBase
2019-07-24 08:50:28.453 - Exit Starbases
2019-07-24 08:50:28.493 - DC
2019-07-24 08:50:28.509 - LRS
2019-07-24 08:50:28.530 - SetLRS for 2,6
2019-07-24 08:50:28.552 - Exiting setcondition
2019-07-24 08:50:28.573 - Endgame check
2019-07-24 08:50:28.584 - Timer done 134 step=5
2019-07-24 08:50:32.559 - TORP pressed
2019-07-24 08:50:32.581 - In Torpedoes
2019-07-24 08:50:33.724 - ObjectMovement.add Type=9 Action=A @ 5,6
2019-07-24 08:50:33.792 - ObjectMovement.add Type=9 Action=R @ 5,6
2019-07-24 08:50:33.812 - ObjectMovement.add Type=2 Action=CChekov yells, 'Direct hit, Kiptan!' @ 5,7
2019-07-24 08:50:33.845 - ObjectMovement.add Type=2 Action=D @ 5,7
2019-07-24 08:50:33.872 - SetCondition - starDate=3421.9  energy=79
2019-07-24 08:50:33.887 - Alert Level = 3
2019-07-24 08:50:33.910 - Set buttons
2019-07-24 08:50:33.944 - Docked
2019-07-24 08:50:33.965 - Starbases
2019-07-24 08:50:33.987 - In StarBase
2019-07-24 08:50:34.002 - Exit Starbases
2019-07-24 08:50:34.018 - DC
2019-07-24 08:50:34.030 - LRS
2019-07-24 08:50:34.042 - SetLRS for 2,6
2019-07-24 08:50:34.059 - Exiting setcondition
2019-07-24 08:50:34.077 - Endgame check
2019-07-24 08:50:34.095 - Updating Status
2019-07-24 08:50:34.110 - lblStarDate=3421.9 (20.1)
2019-07-24 08:50:34.129 - lblEnergy=79.0%
2019-07-24 08:50:34.142 - lblKlingons=43
2019-07-24 08:50:34.245 - Entering Timer - 135
2019-07-24 08:50:34.263 - Enterprise Move - 135
2019-07-24 08:50:34.282 - Showing Object Movement
2019-07-24 08:50:34.297 - ShowObjectMovement Action A with 9 @ (5,6)
2019-07-24 08:50:34.311 - Timer done 135 step=1
2019-07-24 08:50:34.492 - Entering Timer - 136
2019-07-24 08:50:34.515 - Enterprise Move - 136
2019-07-24 08:50:34.532 - Showing Object Movement
2019-07-24 08:50:34.544 - ShowObjectMovement Action A with 9 @ (5,6)
2019-07-24 08:50:34.555 - Timer done 136 step=1
2019-07-24 08:50:34.725 - Entering Timer - 137
2019-07-24 08:50:34.746 - Enterprise Move - 137
2019-07-24 08:50:34.764 - Showing Object Movement
2019-07-24 08:50:34.776 - ShowObjectMovement Action R with 9 @ (5,6)
2019-07-24 08:50:34.790 - Timer done 137 step=1
2019-07-24 08:50:34.962 - Entering Timer - 138
2019-07-24 08:50:34.977 - Enterprise Move - 138
2019-07-24 08:50:34.987 - Showing Object Movement
2019-07-24 08:50:35.002 - ShowObjectMovement Action CChekov yells, 'Direct hit, Kiptan!' with 2 @ (5,7)
2019-07-24 08:50:35.016 - ComsChatter ==> Chekov yells, 'Direct hit, Kiptan!'
2019-07-24 08:50:35.047 - Timer done 138 step=1
2019-07-24 08:50:35.214 - Entering Timer - 139
2019-07-24 08:50:35.231 - Enterprise Move - 139
2019-07-24 08:50:35.245 - Showing Object Movement
2019-07-24 08:50:35.266 - ShowObjectMovement Action D with 2 @ (5,7)
2019-07-24 08:50:35.280 - ComsChatter ==> Klingon destroyed!
2019-07-24 08:50:35.312 - gameObjects.removeStartObjectAt 5,7 type=2
2019-07-24 08:50:35.336 - Timer done 139 step=2
2019-07-24 08:50:35.531 - Entering Timer - 140
2019-07-24 08:50:35.556 - Post Enterprise Move - Taking Fire140
2019-07-24 08:50:35.582 - ObjectMovement.add Type=-2 Action=F40 point hit from Klingon at (2,2) @ 1,1
2019-07-24 08:50:35.640 - ObjectMovement.add Type=-2 Action=F @ 1,1
2019-07-24 08:50:35.659 - ObjectMovement.add Type=-2 Action=F @ 1,1
2019-07-24 08:50:35.675 - ObjectMovement.add Type=2 Action=F @ 1,1
2019-07-24 08:50:35.691 - Enemy hit =40
2019-07-24 08:50:35.706 - Shield power =91
2019-07-24 08:50:35.721 -     Adjusted hit =4
2019-07-24 08:50:35.748 - ObjectMovement.add Type=0 Action=CImpulse takes 6 damage. @ -1,-1
2019-07-24 08:50:35.781 - Timer done 140 step=3
2019-07-24 08:50:35.953 - Entering Timer - 141
2019-07-24 08:50:35.977 - Enemy Move 141
2019-07-24 08:50:35.995 - Showing Object Movement
2019-07-24 08:50:36.012 - ShowObjectMovement Action F40 point hit from Klingon at (2,2) with -2 @ (1,1)
2019-07-24 08:50:36.028 - ComsChatter ==> 40 point hit from Klingon at (2,2)
2019-07-24 08:50:36.088 - Timer done 141 step=3
2019-07-24 08:50:36.310 - Entering Timer - 142
2019-07-24 08:50:36.324 - Enemy Move 142
2019-07-24 08:50:36.338 - Showing Object Movement
2019-07-24 08:50:36.351 - ShowObjectMovement Action F with -2 @ (1,1)
2019-07-24 08:50:36.365 - Timer done 142 step=3
2019-07-24 08:50:36.540 - Entering Timer - 143
2019-07-24 08:50:36.554 - Enemy Move 143
2019-07-24 08:50:36.567 - Showing Object Movement
2019-07-24 08:50:36.580 - ShowObjectMovement Action F with -2 @ (1,1)
2019-07-24 08:50:36.595 - Timer done 143 step=3
2019-07-24 08:50:36.773 - Entering Timer - 144
2019-07-24 08:50:36.790 - Enemy Move 144
2019-07-24 08:50:36.806 - Showing Object Movement
2019-07-24 08:50:36.824 - ShowObjectMovement Action F with 2 @ (1,1)
2019-07-24 08:50:36.850 - Timer done 144 step=3
2019-07-24 08:50:37.024 - Entering Timer - 145
2019-07-24 08:50:37.048 - Enemy Move 145
2019-07-24 08:50:37.079 - Showing Object Movement
2019-07-24 08:50:37.097 - ShowObjectMovement Action CImpulse takes 6 damage. with 0 @ (-1,-1)
2019-07-24 08:50:37.116 - ComsChatter ==> Impulse takes 6 damage.
2019-07-24 08:50:37.154 - Timer done 145 step=3
2019-07-24 08:50:37.323 - Entering Timer - 146
2019-07-24 08:50:37.363 - Enemy Move 146
2019-07-24 08:50:37.380 - Showing Object Movement
2019-07-24 08:50:37.397 - Timer done 146 step=4
2019-07-24 08:50:37.571 - Entering Timer - 147
2019-07-24 08:50:37.586 - Animation complete 147
2019-07-24 08:50:37.602 - SetCondition - starDate=3421.9  energy=79
2019-07-24 08:50:37.612 - Alert Level = 3
2019-07-24 08:50:37.625 - Set buttons
2019-07-24 08:50:37.652 - Docked
2019-07-24 08:50:37.748 - Starbases
2019-07-24 08:50:37.873 - In StarBase
2019-07-24 08:50:37.931 - Exit Starbases
2019-07-24 08:50:37.958 - DC
2019-07-24 08:50:37.976 - LRS
2019-07-24 08:50:37.993 - SetLRS for 2,6
2019-07-24 08:50:38.020 - Exiting setcondition
2019-07-24 08:50:38.039 - Endgame check
2019-07-24 08:50:38.051 - Timer done 147 step=5
2019-07-24 08:50:38.920 - TORP pressed
2019-07-24 08:50:38.941 - In Torpedoes
2019-07-24 08:50:40.312 - ObjectMovement.add Type=9 Action=A @ 4,4
2019-07-24 08:50:40.412 - ObjectMovement.add Type=9 Action=R @ 4,4
2019-07-24 08:50:40.448 - ObjectMovement.add Type=9 Action=A @ 3,3
2019-07-24 08:50:40.474 - ObjectMovement.add Type=9 Action=R @ 3,3
2019-07-24 08:50:40.505 - ObjectMovement.add Type=9 Action=A @ 2,2
2019-07-24 08:50:40.545 - ObjectMovement.add Type=9 Action=R @ 2,2
2019-07-24 08:50:40.573 - ObjectMovement.add Type=2 Action=CChekov yells, 'Direct hit, Kiptan!' @ 1,1
2019-07-24 08:50:40.594 - ObjectMovement.add Type=2 Action=D @ 1,1
2019-07-24 08:50:40.610 - SetCondition - starDate=3422  energy=79
2019-07-24 08:50:40.626 - Alert Level = 3
2019-07-24 08:50:40.643 - Set buttons
2019-07-24 08:50:40.657 - Docked
2019-07-24 08:50:40.672 - Starbases
2019-07-24 08:50:40.685 - In StarBase
2019-07-24 08:50:40.700 - Exit Starbases
2019-07-24 08:50:40.716 - DC
2019-07-24 08:50:40.732 - LRS
2019-07-24 08:50:40.766 - SetLRS for 2,6
2019-07-24 08:50:40.786 - Exiting setcondition
2019-07-24 08:50:40.801 - Endgame check
2019-07-24 08:50:40.816 - Updating Status
2019-07-24 08:50:40.848 - lblStarDate=3422.0 (20.0)
2019-07-24 08:50:40.868 - lblEnergy=79.0%
2019-07-24 08:50:40.884 - lblKlingons=42
2019-07-24 08:50:40.966 - Entering Timer - 148
2019-07-24 08:50:41.014 - Enterprise Move - 148
2019-07-24 08:50:41.031 - Showing Object Movement
2019-07-24 08:50:41.056 - ShowObjectMovement Action A with 9 @ (4,4)
2019-07-24 08:50:41.085 - Timer done 148 step=1
2019-07-24 08:50:41.261 - Entering Timer - 149
2019-07-24 08:50:41.273 - Enterprise Move - 149
2019-07-24 08:50:41.286 - Showing Object Movement
2019-07-24 08:50:41.301 - ShowObjectMovement Action A with 9 @ (4,4)
2019-07-24 08:50:41.313 - Timer done 149 step=1
2019-07-24 08:50:41.474 - Entering Timer - 150
2019-07-24 08:50:41.489 - Enterprise Move - 150
2019-07-24 08:50:41.502 - Showing Object Movement
2019-07-24 08:50:41.518 - ShowObjectMovement Action R with 9 @ (4,4)
2019-07-24 08:50:41.531 - Timer done 150 step=1
2019-07-24 08:50:41.695 - Entering Timer - 151
2019-07-24 08:50:41.711 - Enterprise Move - 151
2019-07-24 08:50:41.724 - Showing Object Movement
2019-07-24 08:50:41.739 - ShowObjectMovement Action A with 9 @ (3,3)
2019-07-24 08:50:41.751 - Timer done 151 step=1
2019-07-24 08:50:41.917 - Entering Timer - 152
2019-07-24 08:50:41.931 - Enterprise Move - 152
2019-07-24 08:50:41.944 - Showing Object Movement
2019-07-24 08:50:41.958 - ShowObjectMovement Action A with 9 @ (3,3)
2019-07-24 08:50:41.972 - Timer done 152 step=1
2019-07-24 08:50:42.140 - Entering Timer - 153
2019-07-24 08:50:42.157 - Enterprise Move - 153
2019-07-24 08:50:42.175 - Showing Object Movement
2019-07-24 08:50:42.190 - ShowObjectMovement Action R with 9 @ (3,3)
2019-07-24 08:50:42.222 - Timer done 153 step=1
2019-07-24 08:50:42.414 - Entering Timer - 154
2019-07-24 08:50:42.430 - Enterprise Move - 154
2019-07-24 08:50:42.457 - Showing Object Movement
2019-07-24 08:50:42.474 - ShowObjectMovement Action A with 9 @ (2,2)
2019-07-24 08:50:42.497 - Timer done 154 step=1
2019-07-24 08:50:42.663 - Entering Timer - 155
2019-07-24 08:50:42.677 - Enterprise Move - 155
2019-07-24 08:50:42.693 - Showing Object Movement
2019-07-24 08:50:42.710 - ShowObjectMovement Action A with 9 @ (2,2)
2019-07-24 08:50:42.724 - Timer done 155 step=1
2019-07-24 08:50:42.899 - Entering Timer - 156
2019-07-24 08:50:42.916 - Enterprise Move - 156
2019-07-24 08:50:42.930 - Showing Object Movement
2019-07-24 08:50:42.944 - ShowObjectMovement Action R with 9 @ (2,2)
2019-07-24 08:50:42.961 - Timer done 156 step=1
2019-07-24 08:50:43.133 - Entering Timer - 157
2019-07-24 08:50:43.152 - Enterprise Move - 157
2019-07-24 08:50:43.167 - Showing Object Movement
2019-07-24 08:50:43.195 - ShowObjectMovement Action CChekov yells, 'Direct hit, Kiptan!' with 2 @ (1,1)
2019-07-24 08:50:43.212 - ComsChatter ==> Chekov yells, 'Direct hit, Kiptan!'
2019-07-24 08:50:43.257 - Timer done 157 step=1
2019-07-24 08:50:43.466 - Entering Timer - 158
2019-07-24 08:50:43.490 - Enterprise Move - 158
2019-07-24 08:50:43.521 - Showing Object Movement
2019-07-24 08:50:43.537 - ShowObjectMovement Action D with 2 @ (1,1)
2019-07-24 08:50:43.553 - ComsChatter ==> Klingon destroyed!
2019-07-24 08:50:43.589 - gameObjects.removeStartObjectAt 1,1 type=2
2019-07-24 08:50:43.605 - Timer done 158 step=2
2019-07-24 08:50:43.791 - Entering Timer - 159
2019-07-24 08:50:43.807 - Post Enterprise Move - Taking Fire159
2019-07-24 08:50:43.820 - Timer done 159 step=3
2019-07-24 08:50:43.992 - Entering Timer - 160
2019-07-24 08:50:44.014 - Enemy Move 160
2019-07-24 08:50:44.028 - Showing Object Movement
2019-07-24 08:50:44.041 - Timer done 160 step=4
2019-07-24 08:50:44.212 - Entering Timer - 161
2019-07-24 08:50:44.227 - Animation complete 161
2019-07-24 08:50:44.250 - SetCondition - starDate=3422  energy=79
2019-07-24 08:50:44.266 - Alert Level = 2
2019-07-24 08:50:44.279 - Set buttons
2019-07-24 08:50:44.302 - Docked
2019-07-24 08:50:44.351 - Starbases
2019-07-24 08:50:44.399 - ----------> lblStarDate=3422.0 (20.0)lblEnergy=79.0%
2019-07-24 08:50:44.415 - lblKlingons=41
2019-07-24 08:50:44.463 - ----------> In StarBaseExit Starbases
2019-07-24 08:50:44.478 - DC
2019-07-24 08:50:44.496 - LRS
2019-07-24 08:50:44.509 - SetLRS for 2,6
2019-07-24 08:50:44.531 - Exiting setcondition
2019-07-24 08:50:44.541 - Endgame check
2019-07-24 08:50:44.550 - Timer done 161 step=5
2019-07-24 08:50:45.183 - Power pressed
2019-07-24 08:50:47.840 - Entering Timer - 162
2019-07-24 08:50:47.862 - Animation complete 162
2019-07-24 08:50:47.881 - SetCondition - starDate=3422  energy=72
2019-07-24 08:50:47.901 - Alert Level = 2
2019-07-24 08:50:47.925 - Set buttons
2019-07-24 08:50:47.955 - Docked
2019-07-24 08:50:48.026 - Starbases
2019-07-24 08:50:48.102 - In StarBase
2019-07-24 08:50:48.161 - Exit Starbases
2019-07-24 08:50:48.207 - DC
2019-07-24 08:50:48.223 - LRS
2019-07-24 08:50:48.238 - SetLRS for 2,6
2019-07-24 08:50:48.266 - Exiting setcondition
2019-07-24 08:50:48.336 - Endgame check
2019-07-24 08:50:48.368 - Timer done 162 step=5
